30.0 APEX_CODE,FINEST;APEX_PROFILING,INFO;CALLOUT,INFO;DB,INFO;SYSTEM,DEBUG;VALIDATION,INFO;VISUALFORCE,INFO;WAVE,INFO;WORKFLOW,INFO
Execute Anonymous: List<String> strings = StringArrayTest.generateStringArray(10); System.assertEquals(strings.size(),10); System.assertEquals(strings[0],'Test 0');
01:37:08.1 (1022722)|USER_INFO|[EXTERNAL]|0057F000000jFC7|tran.binh@mulodo.com|Pacific Standard Time|GMT-07:00
01:37:08.1 (1046424)|EXECUTION_STARTED
01:37:08.1 (1050799)|CODE_UNIT_STARTED|[EXTERNAL]|execute_anonymous_apex
01:37:08.1 (1177416)|VARIABLE_SCOPE_BEGIN|[1]|strings|List<String>|true|false
01:37:08.1 (1296799)|HEAP_ALLOCATE|[72]|Bytes:3
01:37:08.1 (1336085)|HEAP_ALLOCATE|[77]|Bytes:152
01:37:08.1 (1351150)|HEAP_ALLOCATE|[342]|Bytes:408
01:37:08.1 (1364921)|HEAP_ALLOCATE|[355]|Bytes:408
01:37:08.1 (1381867)|HEAP_ALLOCATE|[467]|Bytes:48
01:37:08.1 (1408385)|HEAP_ALLOCATE|[139]|Bytes:6
01:37:08.1 (1427680)|HEAP_ALLOCATE|[EXTERNAL]|Bytes:1
01:37:08.1 (1517896)|STATEMENT_EXECUTE|[1]
01:37:08.1 (1519850)|STATEMENT_EXECUTE|[1]
01:37:08.1 (1568210)|HEAP_ALLOCATE|[50]|Bytes:5
01:37:08.1 (1590502)|HEAP_ALLOCATE|[56]|Bytes:5
01:37:08.1 (1598273)|HEAP_ALLOCATE|[64]|Bytes:7
01:37:08.1 (1615053)|SYSTEM_MODE_ENTER|false
01:37:08.1 (1630291)|HEAP_ALLOCATE|[1]|Bytes:5
01:37:08.1 (5528192)|HEAP_ALLOCATE|[1]|Bytes:1
01:37:08.1 (5538325)|HEAP_ALLOCATE|[1]|Bytes:4
01:37:08.1 (5551418)|METHOD_ENTRY|[1]|01p7F000009200H|StringArrayTest.StringArrayTest()
01:37:08.1 (5558566)|STATEMENT_EXECUTE|[1]
01:37:08.1 (5563701)|STATEMENT_EXECUTE|[1]
01:37:08.1 (5568095)|METHOD_EXIT|[1]|StringArrayTest
01:37:08.1 (5589088)|METHOD_ENTRY|[1]|01p7F000009200H|StringArrayTest.generateStringArray(Integer)
01:37:08.1 (5609835)|VARIABLE_SCOPE_BEGIN|[2]|n|Integer|false|false
01:37:08.1 (5630923)|VARIABLE_ASSIGNMENT|[2]|n|10
01:37:08.1 (5639594)|STATEMENT_EXECUTE|[2]
01:37:08.1 (5640789)|STATEMENT_EXECUTE|[4]
01:37:08.1 (5646489)|HEAP_ALLOCATE|[4]|Bytes:4
01:37:08.1 (5685870)|VARIABLE_SCOPE_BEGIN|[4]|mylist|List<String>|true|false
01:37:08.1 (5720769)|HEAP_ALLOCATE|[EXTERNAL]|Bytes:4
01:37:08.1 (5734122)|VARIABLE_ASSIGNMENT|[4]|mylist|[]|0x2080d6fe
01:37:08.1 (5741438)|STATEMENT_EXECUTE|[5]
01:37:08.1 (5744244)|VARIABLE_SCOPE_BEGIN|[5]|i|Integer|false|false
01:37:08.1 (5751250)|HEAP_ALLOCATE|[5]|Bytes:4
01:37:08.1 (5755509)|VARIABLE_ASSIGNMENT|[5]|i|0
01:37:08.1 (5762085)|STATEMENT_EXECUTE|[5]
01:37:08.1 (5763103)|STATEMENT_EXECUTE|[6]
01:37:08.1 (5765449)|HEAP_ALLOCATE|[6]|Bytes:4
01:37:08.1 (5811382)|HEAP_ALLOCATE|[6]|Bytes:1
01:37:08.1 (5829345)|HEAP_ALLOCATE|[6]|Bytes:5
01:37:08.1 (5833526)|VARIABLE_SCOPE_BEGIN|[6]|s1|String|false|false
01:37:08.1 (5843944)|VARIABLE_ASSIGNMENT|[6]|s1|"Test0"
01:37:08.1 (5848774)|STATEMENT_EXECUTE|[7]
01:37:08.1 (5870730)|HEAP_ALLOCATE|[EXTERNAL]|Bytes:4
01:37:08.1 (5877516)|STATEMENT_EXECUTE|[8]
01:37:08.1 (5883130)|HEAP_ALLOCATE|[8]|Bytes:5
01:37:08.1 (5915739)|USER_DEBUG|[8]|DEBUG|Test0
01:37:08.1 (5924645)|HEAP_ALLOCATE|[5]|Bytes:4
01:37:08.1 (5930335)|VARIABLE_ASSIGNMENT|[5]|i|1
01:37:08.1 (5935622)|STATEMENT_EXECUTE|[5]
01:37:08.1 (5936652)|STATEMENT_EXECUTE|[6]
01:37:08.1 (5945822)|HEAP_ALLOCATE|[6]|Bytes:1
01:37:08.1 (5954019)|HEAP_ALLOCATE|[6]|Bytes:5
01:37:08.1 (5957584)|VARIABLE_SCOPE_BEGIN|[6]|s1|String|false|false
01:37:08.1 (5964361)|VARIABLE_ASSIGNMENT|[6]|s1|"Test1"
01:37:08.1 (5968188)|STATEMENT_EXECUTE|[7]
01:37:08.1 (5972558)|HEAP_ALLOCATE|[EXTERNAL]|Bytes:4
01:37:08.1 (5976796)|STATEMENT_EXECUTE|[8]
01:37:08.1 (5979302)|HEAP_ALLOCATE|[8]|Bytes:5
01:37:08.1 (5985757)|USER_DEBUG|[8]|DEBUG|Test1
01:37:08.1 (5991304)|HEAP_ALLOCATE|[5]|Bytes:4
01:37:08.1 (5995182)|VARIABLE_ASSIGNMENT|[5]|i|2
01:37:08.1 (6000348)|STATEMENT_EXECUTE|[5]
01:37:08.1 (6002487)|STATEMENT_EXECUTE|[6]
01:37:08.1 (6009908)|HEAP_ALLOCATE|[6]|Bytes:1
01:37:08.1 (6017478)|HEAP_ALLOCATE|[6]|Bytes:5
01:37:08.1 (6021091)|VARIABLE_SCOPE_BEGIN|[6]|s1|String|false|false
01:37:08.1 (6027165)|VARIABLE_ASSIGNMENT|[6]|s1|"Test2"
01:37:08.1 (6030812)|STATEMENT_EXECUTE|[7]
01:37:08.1 (6034383)|HEAP_ALLOCATE|[EXTERNAL]|Bytes:4
01:37:08.1 (6038646)|STATEMENT_EXECUTE|[8]
01:37:08.1 (6040795)|HEAP_ALLOCATE|[8]|Bytes:5
01:37:08.1 (6045667)|USER_DEBUG|[8]|DEBUG|Test2
01:37:08.1 (6050031)|HEAP_ALLOCATE|[5]|Bytes:4
01:37:08.1 (6054298)|VARIABLE_ASSIGNMENT|[5]|i|3
01:37:08.1 (6058546)|STATEMENT_EXECUTE|[5]
01:37:08.1 (6059549)|STATEMENT_EXECUTE|[6]
01:37:08.1 (6066511)|HEAP_ALLOCATE|[6]|Bytes:1
01:37:08.1 (6073437)|HEAP_ALLOCATE|[6]|Bytes:5
01:37:08.1 (6076813)|VARIABLE_SCOPE_BEGIN|[6]|s1|String|false|false
01:37:08.1 (6083030)|VARIABLE_ASSIGNMENT|[6]|s1|"Test3"
01:37:08.1 (6086404)|STATEMENT_EXECUTE|[7]
01:37:08.1 (6089803)|HEAP_ALLOCATE|[EXTERNAL]|Bytes:4
01:37:08.1 (6093703)|STATEMENT_EXECUTE|[8]
01:37:08.1 (6095727)|HEAP_ALLOCATE|[8]|Bytes:5
01:37:08.1 (6100773)|USER_DEBUG|[8]|DEBUG|Test3
01:37:08.1 (6105273)|HEAP_ALLOCATE|[5]|Bytes:4
01:37:08.1 (6108869)|VARIABLE_ASSIGNMENT|[5]|i|4
01:37:08.1 (6112995)|STATEMENT_EXECUTE|[5]
01:37:08.1 (6114389)|STATEMENT_EXECUTE|[6]
01:37:08.1 (6120929)|HEAP_ALLOCATE|[6]|Bytes:1
01:37:08.1 (6127791)|HEAP_ALLOCATE|[6]|Bytes:5
01:37:08.1 (6131228)|VARIABLE_SCOPE_BEGIN|[6]|s1|String|false|false
01:37:08.1 (6137706)|VARIABLE_ASSIGNMENT|[6]|s1|"Test4"
01:37:08.1 (6141215)|STATEMENT_EXECUTE|[7]
01:37:08.1 (6144790)|HEAP_ALLOCATE|[EXTERNAL]|Bytes:4
01:37:08.1 (6148511)|STATEMENT_EXECUTE|[8]
01:37:08.1 (6150485)|HEAP_ALLOCATE|[8]|Bytes:5
01:37:08.1 (6155811)|USER_DEBUG|[8]|DEBUG|Test4
01:37:08.1 (6160566)|HEAP_ALLOCATE|[5]|Bytes:4
01:37:08.1 (6164029)|VARIABLE_ASSIGNMENT|[5]|i|5
01:37:08.1 (6167813)|STATEMENT_EXECUTE|[5]
01:37:08.1 (6168830)|STATEMENT_EXECUTE|[6]
01:37:08.1 (6175430)|HEAP_ALLOCATE|[6]|Bytes:1
01:37:08.1 (6182634)|HEAP_ALLOCATE|[6]|Bytes:5
01:37:08.1 (6186669)|VARIABLE_SCOPE_BEGIN|[6]|s1|String|false|false
01:37:08.1 (6192531)|VARIABLE_ASSIGNMENT|[6]|s1|"Test5"
01:37:08.1 (6195414)|STATEMENT_EXECUTE|[7]
01:37:08.1 (6198622)|HEAP_ALLOCATE|[EXTERNAL]|Bytes:4
01:37:08.1 (6202398)|STATEMENT_EXECUTE|[8]
01:37:08.1 (6204425)|HEAP_ALLOCATE|[8]|Bytes:5
01:37:08.1 (6208827)|USER_DEBUG|[8]|DEBUG|Test5
01:37:08.1 (6213202)|HEAP_ALLOCATE|[5]|Bytes:4
01:37:08.1 (6217216)|VARIABLE_ASSIGNMENT|[5]|i|6
01:37:08.1 (6221397)|STATEMENT_EXECUTE|[5]
01:37:08.1 (6222407)|STATEMENT_EXECUTE|[6]
01:37:08.1 (6228957)|HEAP_ALLOCATE|[6]|Bytes:1
01:37:08.1 (6236744)|HEAP_ALLOCATE|[6]|Bytes:5
01:37:08.1 (6240490)|VARIABLE_SCOPE_BEGIN|[6]|s1|String|false|false
01:37:08.1 (6246501)|VARIABLE_ASSIGNMENT|[6]|s1|"Test6"
01:37:08.1 (6249762)|STATEMENT_EXECUTE|[7]
01:37:08.1 (6253040)|HEAP_ALLOCATE|[EXTERNAL]|Bytes:4
01:37:08.1 (6256999)|STATEMENT_EXECUTE|[8]
01:37:08.1 (6258969)|HEAP_ALLOCATE|[8]|Bytes:5
01:37:08.1 (6263405)|USER_DEBUG|[8]|DEBUG|Test6
01:37:08.1 (6267783)|HEAP_ALLOCATE|[5]|Bytes:4
01:37:08.1 (6271624)|VARIABLE_ASSIGNMENT|[5]|i|7
01:37:08.1 (6275628)|STATEMENT_EXECUTE|[5]
01:37:08.1 (6276674)|STATEMENT_EXECUTE|[6]
01:37:08.1 (6283281)|HEAP_ALLOCATE|[6]|Bytes:1
01:37:08.1 (6290775)|HEAP_ALLOCATE|[6]|Bytes:5
01:37:08.1 (6294148)|VARIABLE_SCOPE_BEGIN|[6]|s1|String|false|false
01:37:08.1 (6300901)|VARIABLE_ASSIGNMENT|[6]|s1|"Test7"
01:37:08.1 (6305919)|STATEMENT_EXECUTE|[7]
01:37:08.1 (6309818)|HEAP_ALLOCATE|[EXTERNAL]|Bytes:4
01:37:08.1 (6313824)|STATEMENT_EXECUTE|[8]
01:37:08.1 (6315923)|HEAP_ALLOCATE|[8]|Bytes:5
01:37:08.1 (6321458)|USER_DEBUG|[8]|DEBUG|Test7
01:37:08.1 (6326689)|HEAP_ALLOCATE|[5]|Bytes:4
01:37:08.1 (6330146)|VARIABLE_ASSIGNMENT|[5]|i|8
01:37:08.1 (6334359)|STATEMENT_EXECUTE|[5]
01:37:08.1 (6335476)|STATEMENT_EXECUTE|[6]
01:37:08.1 (6342218)|HEAP_ALLOCATE|[6]|Bytes:1
01:37:08.1 (6349383)|HEAP_ALLOCATE|[6]|Bytes:5
01:37:08.1 (6352485)|VARIABLE_SCOPE_BEGIN|[6]|s1|String|false|false
01:37:08.1 (6358690)|VARIABLE_ASSIGNMENT|[6]|s1|"Test8"
01:37:08.1 (6362417)|STATEMENT_EXECUTE|[7]
01:37:08.1 (6365767)|HEAP_ALLOCATE|[EXTERNAL]|Bytes:4
01:37:08.1 (6369951)|STATEMENT_EXECUTE|[8]
01:37:08.1 (6375701)|HEAP_ALLOCATE|[8]|Bytes:5
01:37:08.1 (6381121)|USER_DEBUG|[8]|DEBUG|Test8
01:37:08.1 (6385584)|HEAP_ALLOCATE|[5]|Bytes:4
01:37:08.1 (6390287)|VARIABLE_ASSIGNMENT|[5]|i|9
01:37:08.1 (6394700)|STATEMENT_EXECUTE|[5]
01:37:08.1 (6395702)|STATEMENT_EXECUTE|[6]
01:37:08.1 (6402562)|HEAP_ALLOCATE|[6]|Bytes:1
01:37:08.1 (6409136)|HEAP_ALLOCATE|[6]|Bytes:5
01:37:08.1 (6412818)|VARIABLE_SCOPE_BEGIN|[6]|s1|String|false|false
01:37:08.1 (6419141)|VARIABLE_ASSIGNMENT|[6]|s1|"Test9"
01:37:08.1 (6422882)|STATEMENT_EXECUTE|[7]
01:37:08.1 (6426094)|HEAP_ALLOCATE|[EXTERNAL]|Bytes:4
01:37:08.1 (6430006)|STATEMENT_EXECUTE|[8]
01:37:08.1 (6431941)|HEAP_ALLOCATE|[8]|Bytes:5
01:37:08.1 (6436640)|USER_DEBUG|[8]|DEBUG|Test9
01:37:08.1 (6440885)|HEAP_ALLOCATE|[5]|Bytes:4
01:37:08.1 (6444429)|VARIABLE_ASSIGNMENT|[5]|i|10
01:37:08.1 (6449256)|STATEMENT_EXECUTE|[10]
01:37:08.1 (6470049)|USER_DEBUG|[10]|DEBUG|(Test0, Test1, Test2, Test3, Test4, Test5, Test6, Test7, Test8, Test9)
01:37:08.1 (6476674)|STATEMENT_EXECUTE|[11]
01:37:08.1 (6481187)|METHOD_EXIT|[1]|01p7F000009200H|StringArrayTest.generateStringArray(Integer)
01:37:08.1 (6490424)|SYSTEM_MODE_EXIT|false
01:37:08.1 (6506084)|VARIABLE_ASSIGNMENT|[1]|strings|"List of size 10 too large to display"|0x2080d6fe
01:37:08.1 (6511821)|STATEMENT_EXECUTE|[1]
01:37:08.1 (6540064)|STATEMENT_EXECUTE|[1]
01:37:08.1 (6544485)|HEAP_ALLOCATE|[1]|Bytes:5
01:37:08.1 (6549713)|HEAP_ALLOCATE|[1]|Bytes:6
01:37:08.1 (6603642)|EXCEPTION_THROWN|[1]|System.AssertException: Assertion Failed: Expected: Test0, Actual: Test 0
01:37:08.1 (6711042)|HEAP_ALLOCATE|[1]|Bytes:53
01:37:08.1 (6782182)|FATAL_ERROR|System.AssertException: Assertion Failed: Expected: Test0, Actual: Test 0

AnonymousBlock: line 1, column 1
01:37:08.6 (6818695)|CUMULATIVE_LIMIT_USAGE
01:37:08.6 (6818695)|LIMIT_USAGE_FOR_NS|(default)|
  Number of SOQL queries: 0 out of 100
  Number of query rows: 0 out of 50000
  Number of SOSL queries: 0 out of 20
  Number of DML statements: 0 out of 150
  Number of DML rows: 0 out of 10000
  Maximum CPU time: 0 out of 10000
  Maximum heap size: 0 out of 6000000
  Number of callouts: 0 out of 100
  Number of Email Invocations: 0 out of 10
  Number of future calls: 0 out of 50
  Number of queueable jobs added to the queue: 0 out of 50
  Number of Mobile Apex push calls: 0 out of 10

01:37:08.6 (6818695)|CUMULATIVE_LIMIT_USAGE_END

01:37:08.1 (6853167)|CODE_UNIT_FINISHED|execute_anonymous_apex
01:37:08.1 (7936407)|EXECUTION_FINISHED
