40.0 APEX_CODE,FINEST;APEX_PROFILING,INFO;CALLOUT,INFO;DB,INFO;SYSTEM,DEBUG;VALIDATION,INFO;VISUALFORCE,INFO;WAVE,INFO;WORKFLOW,INFO
18:47:43.0 (306819)|USER_INFO|[EXTERNAL]|0057F000000jFC7|tran.binh@mulodo.com|Pacific Standard Time|GMT-07:00
18:47:43.0 (341782)|EXECUTION_STARTED
18:47:43.0 (345850)|CODE_UNIT_STARTED|[EXTERNAL]|0667F000003kfqQ|VF: /apex/CandidateRegister
18:47:43.0 (6909810)|SYSTEM_MODE_ENTER|true
18:47:43.0 (7235081)|HEAP_ALLOCATE|[72]|Bytes:3
18:47:43.0 (7292649)|HEAP_ALLOCATE|[77]|Bytes:152
18:47:43.0 (7311748)|HEAP_ALLOCATE|[342]|Bytes:408
18:47:43.0 (7327533)|HEAP_ALLOCATE|[355]|Bytes:408
18:47:43.0 (33849886)|HEAP_ALLOCATE|[467]|Bytes:48
18:47:43.0 (33959032)|HEAP_ALLOCATE|[139]|Bytes:6
18:47:43.0 (33998288)|HEAP_ALLOCATE|[EXTERNAL]|Bytes:1
18:47:43.0 (34058858)|METHOD_ENTRY|[1]|01p7F000009oXl4|CandidateRegister.CandidateRegister()
18:47:43.0 (34073458)|STATEMENT_EXECUTE|[1]
18:47:43.0 (34080527)|STATEMENT_EXECUTE|[1]
18:47:43.0 (34112547)|HEAP_ALLOCATE|[50]|Bytes:5
18:47:43.0 (34136601)|HEAP_ALLOCATE|[56]|Bytes:5
18:47:43.0 (34143497)|HEAP_ALLOCATE|[64]|Bytes:7
18:47:43.0 (34167230)|SYSTEM_MODE_ENTER|false
18:47:43.0 (34178368)|HEAP_ALLOCATE|[EXTERNAL]|Bytes:5
18:47:43.0 (34186646)|SYSTEM_MODE_EXIT|false
18:47:43.0 (34205243)|METHOD_EXIT|[1]|CandidateRegister
18:47:43.0 (34221244)|HEAP_ALLOCATE|[EXTERNAL]|Bytes:4
18:47:43.0 (34230633)|VARIABLE_SCOPE_BEGIN|[1]|this|CandidateRegister|true|false
18:47:43.0 (34277069)|VARIABLE_ASSIGNMENT|[1]|this|{}|0x7c471bca
18:47:43.0 (34286968)|SYSTEM_MODE_ENTER|false
18:47:43.0 (34291357)|HEAP_ALLOCATE|[EXTERNAL]|Bytes:5
18:47:43.0 (34303999)|HEAP_ALLOCATE|[EXTERNAL]|Bytes:6
18:47:43.0 (34326594)|SYSTEM_MODE_EXIT|false
18:47:43.0 (34331434)|STATEMENT_EXECUTE|[1]
18:47:43.0 (34334080)|SYSTEM_MODE_ENTER|false
18:47:43.0 (34337356)|HEAP_ALLOCATE|[EXTERNAL]|Bytes:5
18:47:43.0 (34340642)|SYSTEM_MODE_EXIT|false
18:47:43.58 (58995958)|CUMULATIVE_LIMIT_USAGE
18:47:43.58 (58995958)|LIMIT_USAGE_FOR_NS|(default)|
  Number of SOQL queries: 0 out of 100
  Number of query rows: 0 out of 50000
  Number of SOSL queries: 0 out of 20
  Number of DML statements: 0 out of 150
  Number of DML rows: 0 out of 10000
  Maximum CPU time: 0 out of 10000
  Maximum heap size: 0 out of 6000000
  Number of callouts: 0 out of 100
  Number of Email Invocations: 0 out of 10
  Number of future calls: 0 out of 50
  Number of queueable jobs added to the queue: 0 out of 50
  Number of Mobile Apex push calls: 0 out of 10

18:47:43.58 (58995958)|CUMULATIVE_LIMIT_USAGE_END

18:47:43.0 (59038836)|CODE_UNIT_FINISHED|VF: /apex/CandidateRegister
18:47:43.0 (59973959)|EXECUTION_FINISHED
