40.0 APEX_CODE,FINEST;APEX_PROFILING,INFO;CALLOUT,INFO;DB,INFO;SYSTEM,DEBUG;VALIDATION,INFO;VISUALFORCE,INFO;WAVE,INFO;WORKFLOW,INFO
Execute Anonymous: StringArrayTest.generateStringArray(1);
01:16:59.1 (1013048)|USER_INFO|[EXTERNAL]|0057F000000jFC7|tran.binh@mulodo.com|Pacific Standard Time|GMT-07:00
01:16:59.1 (1038777)|EXECUTION_STARTED
01:16:59.1 (1043162)|CODE_UNIT_STARTED|[EXTERNAL]|execute_anonymous_apex
01:16:59.1 (1242149)|HEAP_ALLOCATE|[72]|Bytes:3
01:16:59.1 (1285919)|HEAP_ALLOCATE|[77]|Bytes:152
01:16:59.1 (1301273)|HEAP_ALLOCATE|[342]|Bytes:408
01:16:59.1 (1316108)|HEAP_ALLOCATE|[355]|Bytes:408
01:16:59.1 (1330274)|HEAP_ALLOCATE|[467]|Bytes:48
01:16:59.1 (1375143)|HEAP_ALLOCATE|[139]|Bytes:6
01:16:59.1 (1394320)|HEAP_ALLOCATE|[EXTERNAL]|Bytes:1
01:16:59.1 (1478181)|STATEMENT_EXECUTE|[1]
01:16:59.1 (1481848)|STATEMENT_EXECUTE|[1]
01:16:59.1 (1542385)|HEAP_ALLOCATE|[50]|Bytes:5
01:16:59.1 (1567975)|HEAP_ALLOCATE|[56]|Bytes:5
01:16:59.1 (1575458)|HEAP_ALLOCATE|[64]|Bytes:7
01:16:59.1 (1593668)|SYSTEM_MODE_ENTER|false
01:16:59.1 (1612056)|HEAP_ALLOCATE|[1]|Bytes:5
01:16:59.1 (7470580)|HEAP_ALLOCATE|[1]|Bytes:1
01:16:59.1 (7481355)|HEAP_ALLOCATE|[1]|Bytes:1
01:16:59.1 (7493386)|METHOD_ENTRY|[1]|01p7F000009200H|StringArrayTest.StringArrayTest()
01:16:59.1 (7499922)|STATEMENT_EXECUTE|[1]
01:16:59.1 (7504885)|STATEMENT_EXECUTE|[1]
01:16:59.1 (7515755)|METHOD_EXIT|[1]|StringArrayTest
01:16:59.1 (7539590)|METHOD_ENTRY|[1]|01p7F000009200H|StringArrayTest.generateStringArray(Integer)
01:16:59.1 (7588720)|VARIABLE_SCOPE_BEGIN|[2]|n|Integer|false|false
01:16:59.1 (7611942)|VARIABLE_ASSIGNMENT|[2]|n|1
01:16:59.1 (7622206)|STATEMENT_EXECUTE|[2]
01:16:59.1 (7623690)|STATEMENT_EXECUTE|[4]
01:16:59.1 (7630171)|HEAP_ALLOCATE|[4]|Bytes:4
01:16:59.1 (7676425)|VARIABLE_SCOPE_BEGIN|[4]|mylist|List<String>|true|false
01:16:59.1 (7713667)|HEAP_ALLOCATE|[EXTERNAL]|Bytes:4
01:16:59.1 (7726668)|VARIABLE_ASSIGNMENT|[4]|mylist|[]|0x4fdaa38b
01:16:59.1 (7734115)|STATEMENT_EXECUTE|[5]
01:16:59.1 (7737215)|VARIABLE_SCOPE_BEGIN|[5]|i|Integer|false|false
01:16:59.1 (7742942)|HEAP_ALLOCATE|[5]|Bytes:4
01:16:59.1 (7747966)|VARIABLE_ASSIGNMENT|[5]|i|0
01:16:59.1 (7755675)|STATEMENT_EXECUTE|[5]
01:16:59.1 (7756773)|STATEMENT_EXECUTE|[6]
01:16:59.1 (7759111)|HEAP_ALLOCATE|[6]|Bytes:4
01:16:59.1 (7813580)|HEAP_ALLOCATE|[6]|Bytes:1
01:16:59.1 (7832169)|HEAP_ALLOCATE|[6]|Bytes:5
01:16:59.1 (7836099)|VARIABLE_SCOPE_BEGIN|[6]|s1|String|false|false
01:16:59.1 (7846526)|VARIABLE_ASSIGNMENT|[6]|s1|"test0"
01:16:59.1 (7850871)|STATEMENT_EXECUTE|[7]
01:16:59.1 (7876320)|HEAP_ALLOCATE|[EXTERNAL]|Bytes:4
01:16:59.1 (7884159)|STATEMENT_EXECUTE|[8]
01:16:59.1 (7891078)|HEAP_ALLOCATE|[8]|Bytes:5
01:16:59.1 (7926123)|USER_DEBUG|[8]|DEBUG|test0
01:16:59.1 (7934833)|HEAP_ALLOCATE|[5]|Bytes:4
01:16:59.1 (7940794)|VARIABLE_ASSIGNMENT|[5]|i|1
01:16:59.1 (7947443)|STATEMENT_EXECUTE|[10]
01:16:59.1 (7952906)|METHOD_EXIT|[1]|01p7F000009200H|StringArrayTest.generateStringArray(Integer)
01:16:59.1 (7962346)|SYSTEM_MODE_EXIT|false
01:16:59.7 (7985060)|CUMULATIVE_LIMIT_USAGE
01:16:59.7 (7985060)|LIMIT_USAGE_FOR_NS|(default)|
  Number of SOQL queries: 0 out of 100
  Number of query rows: 0 out of 50000
  Number of SOSL queries: 0 out of 20
  Number of DML statements: 0 out of 150
  Number of DML rows: 0 out of 10000
  Maximum CPU time: 0 out of 10000
  Maximum heap size: 0 out of 6000000
  Number of callouts: 0 out of 100
  Number of Email Invocations: 0 out of 10
  Number of future calls: 0 out of 50
  Number of queueable jobs added to the queue: 0 out of 50
  Number of Mobile Apex push calls: 0 out of 10

01:16:59.7 (7985060)|CUMULATIVE_LIMIT_USAGE_END

01:16:59.1 (8040269)|CODE_UNIT_FINISHED|execute_anonymous_apex
01:16:59.1 (9135311)|EXECUTION_FINISHED
