40.0 APEX_CODE,FINEST;APEX_PROFILING,INFO;CALLOUT,INFO;DB,INFO;SYSTEM,DEBUG;VALIDATION,INFO;VISUALFORCE,INFO;WAVE,INFO;WORKFLOW,INFO
Execute Anonymous: StringArrayTest.generateStringArray(5);
01:18:52.1 (1016766)|USER_INFO|[EXTERNAL]|0057F000000jFC7|tran.binh@mulodo.com|Pacific Standard Time|GMT-07:00
01:18:52.1 (1037073)|EXECUTION_STARTED
01:18:52.1 (1040522)|CODE_UNIT_STARTED|[EXTERNAL]|execute_anonymous_apex
01:18:52.1 (1205073)|HEAP_ALLOCATE|[72]|Bytes:3
01:18:52.1 (1236517)|HEAP_ALLOCATE|[77]|Bytes:152
01:18:52.1 (1251752)|HEAP_ALLOCATE|[342]|Bytes:408
01:18:52.1 (1269722)|HEAP_ALLOCATE|[355]|Bytes:408
01:18:52.1 (1286272)|HEAP_ALLOCATE|[467]|Bytes:48
01:18:52.1 (1312721)|HEAP_ALLOCATE|[139]|Bytes:6
01:18:52.1 (1329412)|HEAP_ALLOCATE|[EXTERNAL]|Bytes:1
01:18:52.1 (1404370)|STATEMENT_EXECUTE|[1]
01:18:52.1 (1407276)|STATEMENT_EXECUTE|[1]
01:18:52.1 (1455168)|HEAP_ALLOCATE|[50]|Bytes:5
01:18:52.1 (1475980)|HEAP_ALLOCATE|[56]|Bytes:5
01:18:52.1 (1487934)|HEAP_ALLOCATE|[64]|Bytes:7
01:18:52.1 (1506248)|SYSTEM_MODE_ENTER|false
01:18:52.1 (1519212)|HEAP_ALLOCATE|[1]|Bytes:5
01:18:52.1 (2464344)|HEAP_ALLOCATE|[1]|Bytes:1
01:18:52.1 (2474495)|HEAP_ALLOCATE|[1]|Bytes:1
01:18:52.1 (2492784)|METHOD_ENTRY|[1]|01p7F000009200H|StringArrayTest.StringArrayTest()
01:18:52.1 (2500178)|STATEMENT_EXECUTE|[1]
01:18:52.1 (2505188)|STATEMENT_EXECUTE|[1]
01:18:52.1 (2510388)|METHOD_EXIT|[1]|StringArrayTest
01:18:52.1 (2532601)|METHOD_ENTRY|[1]|01p7F000009200H|StringArrayTest.generateStringArray(Integer)
01:18:52.1 (2578514)|VARIABLE_SCOPE_BEGIN|[2]|n|Integer|false|false
01:18:52.1 (2603292)|VARIABLE_ASSIGNMENT|[2]|n|5
01:18:52.1 (2613559)|STATEMENT_EXECUTE|[2]
01:18:52.1 (2614899)|STATEMENT_EXECUTE|[4]
01:18:52.1 (2619887)|HEAP_ALLOCATE|[4]|Bytes:4
01:18:52.1 (2664624)|VARIABLE_SCOPE_BEGIN|[4]|mylist|List<String>|true|false
01:18:52.1 (2697825)|HEAP_ALLOCATE|[EXTERNAL]|Bytes:4
01:18:52.1 (2709390)|VARIABLE_ASSIGNMENT|[4]|mylist|[]|0x43145fc
01:18:52.1 (2715982)|STATEMENT_EXECUTE|[5]
01:18:52.1 (2719017)|VARIABLE_SCOPE_BEGIN|[5]|i|Integer|false|false
01:18:52.1 (2724492)|HEAP_ALLOCATE|[5]|Bytes:4
01:18:52.1 (2729712)|VARIABLE_ASSIGNMENT|[5]|i|0
01:18:52.1 (2736170)|STATEMENT_EXECUTE|[5]
01:18:52.1 (2737290)|STATEMENT_EXECUTE|[6]
01:18:52.1 (2739793)|HEAP_ALLOCATE|[6]|Bytes:4
01:18:52.1 (2792244)|HEAP_ALLOCATE|[6]|Bytes:1
01:18:52.1 (2812197)|HEAP_ALLOCATE|[6]|Bytes:5
01:18:52.1 (2816458)|VARIABLE_SCOPE_BEGIN|[6]|s1|String|false|false
01:18:52.1 (2827119)|VARIABLE_ASSIGNMENT|[6]|s1|"test0"
01:18:52.1 (2831630)|STATEMENT_EXECUTE|[7]
01:18:52.1 (2856492)|HEAP_ALLOCATE|[EXTERNAL]|Bytes:4
01:18:52.1 (2865122)|STATEMENT_EXECUTE|[8]
01:18:52.1 (2872098)|HEAP_ALLOCATE|[8]|Bytes:5
01:18:52.1 (2903526)|USER_DEBUG|[8]|DEBUG|test0
01:18:52.1 (2911789)|HEAP_ALLOCATE|[5]|Bytes:4
01:18:52.1 (2918088)|VARIABLE_ASSIGNMENT|[5]|i|1
01:18:52.1 (2923883)|STATEMENT_EXECUTE|[5]
01:18:52.1 (2925075)|STATEMENT_EXECUTE|[6]
01:18:52.1 (2936743)|HEAP_ALLOCATE|[6]|Bytes:1
01:18:52.1 (2945749)|HEAP_ALLOCATE|[6]|Bytes:5
01:18:52.1 (2949331)|VARIABLE_SCOPE_BEGIN|[6]|s1|String|false|false
01:18:52.1 (2956674)|VARIABLE_ASSIGNMENT|[6]|s1|"test1"
01:18:52.1 (2960310)|STATEMENT_EXECUTE|[7]
01:18:52.1 (2965445)|HEAP_ALLOCATE|[EXTERNAL]|Bytes:4
01:18:52.1 (2970240)|STATEMENT_EXECUTE|[8]
01:18:52.1 (2972727)|HEAP_ALLOCATE|[8]|Bytes:5
01:18:52.1 (2978919)|USER_DEBUG|[8]|DEBUG|test1
01:18:52.1 (2984038)|HEAP_ALLOCATE|[5]|Bytes:4
01:18:52.1 (2988296)|VARIABLE_ASSIGNMENT|[5]|i|2
01:18:52.1 (2992523)|STATEMENT_EXECUTE|[5]
01:18:52.1 (2993666)|STATEMENT_EXECUTE|[6]
01:18:52.1 (3002595)|HEAP_ALLOCATE|[6]|Bytes:1
01:18:52.1 (3011545)|HEAP_ALLOCATE|[6]|Bytes:5
01:18:52.1 (3014916)|VARIABLE_SCOPE_BEGIN|[6]|s1|String|false|false
01:18:52.1 (3022101)|VARIABLE_ASSIGNMENT|[6]|s1|"test2"
01:18:52.1 (3025563)|STATEMENT_EXECUTE|[7]
01:18:52.1 (3029367)|HEAP_ALLOCATE|[EXTERNAL]|Bytes:4
01:18:52.1 (3033818)|STATEMENT_EXECUTE|[8]
01:18:52.1 (3036005)|HEAP_ALLOCATE|[8]|Bytes:5
01:18:52.1 (3041166)|USER_DEBUG|[8]|DEBUG|test2
01:18:52.1 (3046143)|HEAP_ALLOCATE|[5]|Bytes:4
01:18:52.1 (3050254)|VARIABLE_ASSIGNMENT|[5]|i|3
01:18:52.1 (3054315)|STATEMENT_EXECUTE|[5]
01:18:52.1 (3055448)|STATEMENT_EXECUTE|[6]
01:18:52.1 (3063184)|HEAP_ALLOCATE|[6]|Bytes:1
01:18:52.1 (3070698)|HEAP_ALLOCATE|[6]|Bytes:5
01:18:52.1 (3074100)|VARIABLE_SCOPE_BEGIN|[6]|s1|String|false|false
01:18:52.1 (3080558)|VARIABLE_ASSIGNMENT|[6]|s1|"test3"
01:18:52.1 (3083881)|STATEMENT_EXECUTE|[7]
01:18:52.1 (3087342)|HEAP_ALLOCATE|[EXTERNAL]|Bytes:4
01:18:52.1 (3109860)|STATEMENT_EXECUTE|[8]
01:18:52.1 (3114784)|HEAP_ALLOCATE|[8]|Bytes:5
01:18:52.1 (3126789)|USER_DEBUG|[8]|DEBUG|test3
01:18:52.1 (3135594)|HEAP_ALLOCATE|[5]|Bytes:4
01:18:52.1 (3143575)|VARIABLE_ASSIGNMENT|[5]|i|4
01:18:52.1 (3151619)|STATEMENT_EXECUTE|[5]
01:18:52.1 (3153632)|STATEMENT_EXECUTE|[6]
01:18:52.1 (3168618)|HEAP_ALLOCATE|[6]|Bytes:1
01:18:52.1 (3181990)|HEAP_ALLOCATE|[6]|Bytes:5
01:18:52.1 (3187595)|VARIABLE_SCOPE_BEGIN|[6]|s1|String|false|false
01:18:52.1 (3199628)|VARIABLE_ASSIGNMENT|[6]|s1|"test4"
01:18:52.1 (3205589)|STATEMENT_EXECUTE|[7]
01:18:52.1 (3211962)|HEAP_ALLOCATE|[EXTERNAL]|Bytes:4
01:18:52.1 (3219157)|STATEMENT_EXECUTE|[8]
01:18:52.1 (3222570)|HEAP_ALLOCATE|[8]|Bytes:5
01:18:52.1 (3230255)|USER_DEBUG|[8]|DEBUG|test4
01:18:52.1 (3238505)|HEAP_ALLOCATE|[5]|Bytes:4
01:18:52.1 (3245723)|VARIABLE_ASSIGNMENT|[5]|i|5
01:18:52.1 (3252625)|STATEMENT_EXECUTE|[10]
01:18:52.1 (3259552)|METHOD_EXIT|[1]|01p7F000009200H|StringArrayTest.generateStringArray(Integer)
01:18:52.1 (3271932)|SYSTEM_MODE_EXIT|false
01:18:52.3 (3304171)|CUMULATIVE_LIMIT_USAGE
01:18:52.3 (3304171)|LIMIT_USAGE_FOR_NS|(default)|
  Number of SOQL queries: 0 out of 100
  Number of query rows: 0 out of 50000
  Number of SOSL queries: 0 out of 20
  Number of DML statements: 0 out of 150
  Number of DML rows: 0 out of 10000
  Maximum CPU time: 0 out of 10000
  Maximum heap size: 0 out of 6000000
  Number of callouts: 0 out of 100
  Number of Email Invocations: 0 out of 10
  Number of future calls: 0 out of 50
  Number of queueable jobs added to the queue: 0 out of 50
  Number of Mobile Apex push calls: 0 out of 10

01:18:52.3 (3304171)|CUMULATIVE_LIMIT_USAGE_END

01:18:52.1 (3352540)|CODE_UNIT_FINISHED|execute_anonymous_apex
01:18:52.1 (4131428)|EXECUTION_FINISHED
