40.0 APEX_CODE,FINEST;APEX_PROFILING,INFO;CALLOUT,INFO;DB,INFO;SYSTEM,DEBUG;VALIDATION,INFO;VISUALFORCE,INFO;WAVE,INFO;WORKFLOW,INFO
Execute Anonymous: //EmailMissionSpecialist.sendMail('abc@gmail.com','123','body');
Execute Anonymous: EmailMissionSpecialist em = new EmailMissionSpecialist();
Execute Anonymous: em.sendMail('testingemail', 'Flight Path Change','Mission Control 123: Your flight path has been changed to avoid collision '+ 'with asteroid 2014 QO441.');
00:31:52.0 (750960)|USER_INFO|[EXTERNAL]|0057F000000jFC7|tran.binh@mulodo.com|Pacific Standard Time|GMT-07:00
00:31:52.0 (771959)|EXECUTION_STARTED
00:31:52.0 (775402)|CODE_UNIT_STARTED|[EXTERNAL]|execute_anonymous_apex
00:31:52.0 (937078)|VARIABLE_SCOPE_BEGIN|[2]|em|EmailMissionSpecialist|true|false
00:31:52.0 (1052892)|HEAP_ALLOCATE|[72]|Bytes:3
00:31:52.0 (1090682)|HEAP_ALLOCATE|[77]|Bytes:152
00:31:52.0 (1103964)|HEAP_ALLOCATE|[342]|Bytes:408
00:31:52.0 (1118511)|HEAP_ALLOCATE|[355]|Bytes:408
00:31:52.0 (1130539)|HEAP_ALLOCATE|[467]|Bytes:48
00:31:52.0 (1155026)|HEAP_ALLOCATE|[139]|Bytes:6
00:31:52.0 (1171215)|HEAP_ALLOCATE|[EXTERNAL]|Bytes:3
00:31:52.0 (1242923)|STATEMENT_EXECUTE|[1]
00:31:52.0 (1245009)|STATEMENT_EXECUTE|[2]
00:31:52.0 (1247856)|HEAP_ALLOCATE|[2]|Bytes:4
00:31:52.0 (1252388)|HEAP_ALLOCATE|[2]|Bytes:5
00:31:52.0 (1278711)|METHOD_ENTRY|[1]|01p7F0000091X2E|EmailMissionSpecialist.EmailMissionSpecialist()
00:31:52.0 (1285944)|STATEMENT_EXECUTE|[1]
00:31:52.0 (1288865)|STATEMENT_EXECUTE|[1]
00:31:52.0 (1294374)|METHOD_EXIT|[1]|EmailMissionSpecialist
00:31:52.0 (1301993)|HEAP_ALLOCATE|[2]|Bytes:4
00:31:52.0 (1331586)|HEAP_ALLOCATE|[50]|Bytes:5
00:31:52.0 (1350996)|HEAP_ALLOCATE|[56]|Bytes:5
00:31:52.0 (1357646)|HEAP_ALLOCATE|[64]|Bytes:7
00:31:52.0 (1374075)|SYSTEM_MODE_ENTER|false
00:31:52.0 (1391076)|HEAP_ALLOCATE|[2]|Bytes:5
00:31:52.0 (1400555)|CONSTRUCTOR_ENTRY|[2]|01p7F0000091X2E|<init>()
00:31:52.0 (1418060)|VARIABLE_SCOPE_BEGIN|[1]|this|EmailMissionSpecialist|true|false
00:31:52.0 (1448813)|VARIABLE_ASSIGNMENT|[1]|this|{}|0x4909b8f6
00:31:52.0 (1457002)|HEAP_ALLOCATE|[EXTERNAL]|Bytes:6
00:31:52.0 (1474102)|STATEMENT_EXECUTE|[1]
00:31:52.0 (1479525)|CONSTRUCTOR_EXIT|[2]|01p7F0000091X2E|<init>()
00:31:52.0 (1487492)|SYSTEM_MODE_EXIT|false
00:31:52.0 (1501436)|VARIABLE_ASSIGNMENT|[2]|em|{}|0x4909b8f6
00:31:52.0 (1506714)|STATEMENT_EXECUTE|[3]
00:31:52.0 (1510466)|HEAP_ALLOCATE|[3]|Bytes:12
00:31:52.0 (1513541)|HEAP_ALLOCATE|[3]|Bytes:18
00:31:52.0 (1516004)|HEAP_ALLOCATE|[3]|Bytes:99
00:31:52.0 (1534549)|SYSTEM_MODE_ENTER|false
00:31:52.0 (1541526)|HEAP_ALLOCATE|[3]|Bytes:5
00:31:52.0 (1559241)|METHOD_ENTRY|[3]|01p7F0000091X2E|EmailMissionSpecialist.sendMail(String, String, String)
00:31:52.0 (1571731)|VARIABLE_SCOPE_BEGIN|[3]|this|EmailMissionSpecialist|true|false
00:31:52.0 (1581783)|VARIABLE_ASSIGNMENT|[3]|this|{}|0x4909b8f6
00:31:52.0 (1586257)|VARIABLE_SCOPE_BEGIN|[3]|address|String|false|false
00:31:52.0 (1594458)|VARIABLE_ASSIGNMENT|[3]|address|"testingemail"
00:31:52.0 (1597515)|VARIABLE_SCOPE_BEGIN|[3]|subject|String|false|false
00:31:52.0 (1603651)|VARIABLE_ASSIGNMENT|[3]|subject|"Flight Path Change"
00:31:52.0 (1606566)|VARIABLE_SCOPE_BEGIN|[3]|body|String|false|false
00:31:52.0 (1613893)|VARIABLE_ASSIGNMENT|[3]|body|"Mission Control 123: (79 more) ..."
00:31:52.0 (1621870)|STATEMENT_EXECUTE|[3]
00:31:52.0 (1710767)|HEAP_ALLOCATE|[5]|Bytes:5
00:31:52.0 (19789671)|HEAP_DUMP|[5]|07n7F000000PHBB|EmailMissionSpecialist|none|5
00:31:52.0 (19805396)|STATEMENT_EXECUTE|[5]
00:31:52.0 (19873011)|VARIABLE_SCOPE_BEGIN|[5]|mail|Messaging.SingleEmailMessage|true|false
00:31:52.0 (19991869)|VARIABLE_ASSIGNMENT|[5]|mail|"common.api.soap.wsdl.SingleEmailMessage@725c40b8"|0x8769603
00:31:52.0 (20000859)|STATEMENT_EXECUTE|[6]
00:31:52.0 (20032197)|HEAP_ALLOCATE|[6]|Bytes:4
00:31:52.0 (20069914)|VARIABLE_SCOPE_BEGIN|[6]|toAddresses|List<String>|true|false
00:31:52.0 (20102272)|HEAP_ALLOCATE|[EXTERNAL]|Bytes:8
00:31:52.0 (20114202)|VARIABLE_ASSIGNMENT|[6]|toAddresses|["testingemail"]|0xd0ac111
00:31:52.0 (20120240)|STATEMENT_EXECUTE|[7]
00:31:52.0 (20155836)|STATEMENT_EXECUTE|[8]
00:31:52.0 (20183179)|STATEMENT_EXECUTE|[9]
00:31:52.0 (20193245)|STATEMENT_EXECUTE|[12]
00:31:52.0 (20213155)|HEAP_ALLOCATE|[13]|Bytes:4
00:31:52.0 (20290653)|HEAP_ALLOCATE|[EXTERNAL]|Bytes:8
00:31:52.0 (20351146)|HEAP_ALLOCATE|[EXTERNAL]|Bytes:8
00:31:52.0 (22789619)|EXCEPTION_THROWN|[12]|System.EmailException: SendEmail failed. First exception on row 0; first error: INVALID_EMAIL_ADDRESS, Email address is invalid: testingemail: [toAddresses, testingemail]
00:31:52.0 (23053747)|HEAP_ALLOCATE|[12]|Bytes:151
00:31:52.0 (23075135)|METHOD_EXIT|[3]|01p7F0000091X2E|EmailMissionSpecialist.sendMail(String, String, String)
00:31:52.0 (23083429)|SYSTEM_MODE_EXIT|false
00:31:52.0 (23147383)|FATAL_ERROR|System.EmailException: SendEmail failed. First exception on row 0; first error: INVALID_EMAIL_ADDRESS, Email address is invalid: testingemail: [toAddresses, testingemail]

Class.EmailMissionSpecialist.sendMail: line 12, column 1
AnonymousBlock: line 3, column 1
AnonymousBlock: line 3, column 1
00:31:52.23 (23159000)|CUMULATIVE_LIMIT_USAGE
00:31:52.23 (23159000)|LIMIT_USAGE_FOR_NS|(default)|
  Number of SOQL queries: 0 out of 100
  Number of query rows: 0 out of 50000
  Number of SOSL queries: 0 out of 20
  Number of DML statements: 0 out of 150
  Number of DML rows: 0 out of 10000
  Maximum CPU time: 0 out of 10000
  Maximum heap size: 0 out of 6000000
  Number of callouts: 0 out of 100
  Number of Email Invocations: 0 out of 10
  Number of future calls: 0 out of 50
  Number of queueable jobs added to the queue: 0 out of 50
  Number of Mobile Apex push calls: 0 out of 10

00:31:52.23 (23159000)|CUMULATIVE_LIMIT_USAGE_END

00:31:52.0 (23195471)|CODE_UNIT_FINISHED|execute_anonymous_apex
00:31:52.0 (24176061)|EXECUTION_FINISHED
