40.0 APEX_CODE,FINEST;APEX_PROFILING,INFO;CALLOUT,INFO;DB,INFO;SYSTEM,DEBUG;VALIDATION,INFO;VISUALFORCE,INFO;WAVE,INFO;WORKFLOW,INFO
Execute Anonymous: StringArrayTest.generateStringArray(1);
01:15:33.1 (1061255)|USER_INFO|[EXTERNAL]|0057F000000jFC7|tran.binh@mulodo.com|Pacific Standard Time|GMT-07:00
01:15:33.1 (1085017)|EXECUTION_STARTED
01:15:33.1 (1088658)|CODE_UNIT_STARTED|[EXTERNAL]|execute_anonymous_apex
01:15:33.1 (1263543)|HEAP_ALLOCATE|[72]|Bytes:3
01:15:33.1 (1299304)|HEAP_ALLOCATE|[77]|Bytes:152
01:15:33.1 (1314587)|HEAP_ALLOCATE|[342]|Bytes:408
01:15:33.1 (1330842)|HEAP_ALLOCATE|[355]|Bytes:408
01:15:33.1 (1345203)|HEAP_ALLOCATE|[467]|Bytes:48
01:15:33.1 (1370388)|HEAP_ALLOCATE|[139]|Bytes:6
01:15:33.1 (1387461)|HEAP_ALLOCATE|[EXTERNAL]|Bytes:1
01:15:33.1 (1460246)|STATEMENT_EXECUTE|[1]
01:15:33.1 (1462858)|STATEMENT_EXECUTE|[1]
01:15:33.1 (1511689)|HEAP_ALLOCATE|[50]|Bytes:5
01:15:33.1 (1534839)|HEAP_ALLOCATE|[56]|Bytes:5
01:15:33.1 (1542345)|HEAP_ALLOCATE|[64]|Bytes:7
01:15:33.1 (1559701)|SYSTEM_MODE_ENTER|false
01:15:33.1 (1576119)|HEAP_ALLOCATE|[1]|Bytes:5
01:15:33.1 (7055749)|HEAP_ALLOCATE|[1]|Bytes:1
01:15:33.1 (7066278)|HEAP_ALLOCATE|[1]|Bytes:1
01:15:33.1 (7080384)|METHOD_ENTRY|[1]|01p7F000009200H|StringArrayTest.StringArrayTest()
01:15:33.1 (7088440)|STATEMENT_EXECUTE|[1]
01:15:33.1 (7094852)|STATEMENT_EXECUTE|[1]
01:15:33.1 (7099196)|METHOD_EXIT|[1]|StringArrayTest
01:15:33.1 (7126736)|METHOD_ENTRY|[1]|01p7F000009200H|StringArrayTest.generateStringArray(Integer)
01:15:33.1 (7178227)|VARIABLE_SCOPE_BEGIN|[2]|n|Integer|false|false
01:15:33.1 (7199249)|VARIABLE_ASSIGNMENT|[2]|n|1
01:15:33.1 (7208749)|STATEMENT_EXECUTE|[2]
01:15:33.1 (7210183)|STATEMENT_EXECUTE|[4]
01:15:33.1 (7216175)|HEAP_ALLOCATE|[4]|Bytes:4
01:15:33.1 (7261530)|VARIABLE_SCOPE_BEGIN|[4]|mylist|List<String>|true|false
01:15:33.1 (7299303)|HEAP_ALLOCATE|[EXTERNAL]|Bytes:4
01:15:33.1 (7311996)|VARIABLE_ASSIGNMENT|[4]|mylist|[]|0x7338ad2e
01:15:33.1 (7319310)|STATEMENT_EXECUTE|[5]
01:15:33.1 (7322698)|VARIABLE_SCOPE_BEGIN|[5]|i|Integer|false|false
01:15:33.1 (7328687)|HEAP_ALLOCATE|[5]|Bytes:4
01:15:33.1 (7333581)|VARIABLE_ASSIGNMENT|[5]|i|0
01:15:33.1 (7340411)|STATEMENT_EXECUTE|[5]
01:15:33.1 (7341601)|STATEMENT_EXECUTE|[6]
01:15:33.1 (7344519)|HEAP_ALLOCATE|[6]|Bytes:4
01:15:33.1 (7400130)|HEAP_ALLOCATE|[6]|Bytes:1
01:15:33.1 (7419366)|HEAP_ALLOCATE|[6]|Bytes:5
01:15:33.1 (7423939)|VARIABLE_SCOPE_BEGIN|[6]|s1|String|false|false
01:15:33.1 (7433925)|VARIABLE_ASSIGNMENT|[6]|s1|"test0"
01:15:33.1 (7438196)|STATEMENT_EXECUTE|[7]
01:15:33.1 (7461922)|HEAP_ALLOCATE|[EXTERNAL]|Bytes:4
01:15:33.1 (7470845)|STATEMENT_EXECUTE|[8]
01:15:33.1 (7478075)|HEAP_ALLOCATE|[8]|Bytes:5
01:15:33.1 (7513729)|USER_DEBUG|[8]|DEBUG|test0
01:15:33.1 (7523112)|HEAP_ALLOCATE|[5]|Bytes:4
01:15:33.1 (7529020)|VARIABLE_ASSIGNMENT|[5]|i|1
01:15:33.1 (7535609)|STATEMENT_EXECUTE|[10]
01:15:33.1 (7540409)|METHOD_EXIT|[1]|01p7F000009200H|StringArrayTest.generateStringArray(Integer)
01:15:33.1 (7549790)|SYSTEM_MODE_EXIT|false
01:15:33.7 (7573586)|CUMULATIVE_LIMIT_USAGE
01:15:33.7 (7573586)|LIMIT_USAGE_FOR_NS|(default)|
  Number of SOQL queries: 0 out of 100
  Number of query rows: 0 out of 50000
  Number of SOSL queries: 0 out of 20
  Number of DML statements: 0 out of 150
  Number of DML rows: 0 out of 10000
  Maximum CPU time: 0 out of 10000
  Maximum heap size: 0 out of 6000000
  Number of callouts: 0 out of 100
  Number of Email Invocations: 0 out of 10
  Number of future calls: 0 out of 50
  Number of queueable jobs added to the queue: 0 out of 50
  Number of Mobile Apex push calls: 0 out of 10

01:15:33.7 (7573586)|CUMULATIVE_LIMIT_USAGE_END

01:15:33.1 (7610267)|CODE_UNIT_FINISHED|execute_anonymous_apex
01:15:33.1 (8690326)|EXECUTION_FINISHED
