40.0 APEX_CODE,FINEST;APEX_PROFILING,INFO;CALLOUT,INFO;DB,INFO;SYSTEM,DEBUG;VALIDATION,INFO;VISUALFORCE,INFO;WAVE,INFO;WORKFLOW,INFO
Execute Anonymous: StringArrayTest.generateStringArray(5);
01:23:57.0 (980603)|USER_INFO|[EXTERNAL]|0057F000000jFC7|tran.binh@mulodo.com|Pacific Standard Time|GMT-07:00
01:23:57.0 (1001735)|EXECUTION_STARTED
01:23:57.0 (1006115)|CODE_UNIT_STARTED|[EXTERNAL]|execute_anonymous_apex
01:23:57.0 (1194493)|HEAP_ALLOCATE|[72]|Bytes:3
01:23:57.0 (1235164)|HEAP_ALLOCATE|[77]|Bytes:152
01:23:57.0 (1249904)|HEAP_ALLOCATE|[342]|Bytes:408
01:23:57.0 (1264853)|HEAP_ALLOCATE|[355]|Bytes:408
01:23:57.0 (1277565)|HEAP_ALLOCATE|[467]|Bytes:48
01:23:57.0 (1305914)|HEAP_ALLOCATE|[139]|Bytes:6
01:23:57.0 (1322577)|HEAP_ALLOCATE|[EXTERNAL]|Bytes:1
01:23:57.0 (1404996)|STATEMENT_EXECUTE|[1]
01:23:57.0 (1407279)|STATEMENT_EXECUTE|[1]
01:23:57.0 (1459435)|HEAP_ALLOCATE|[50]|Bytes:5
01:23:57.0 (1486171)|HEAP_ALLOCATE|[56]|Bytes:5
01:23:57.0 (1493190)|HEAP_ALLOCATE|[64]|Bytes:7
01:23:57.0 (1509229)|SYSTEM_MODE_ENTER|false
01:23:57.0 (1525688)|HEAP_ALLOCATE|[1]|Bytes:5
01:23:57.0 (7703679)|HEAP_ALLOCATE|[1]|Bytes:1
01:23:57.0 (7713384)|HEAP_ALLOCATE|[1]|Bytes:4
01:23:57.0 (7730400)|METHOD_ENTRY|[1]|01p7F000009200H|StringArrayTest.StringArrayTest()
01:23:57.0 (7740447)|STATEMENT_EXECUTE|[1]
01:23:57.0 (7747754)|STATEMENT_EXECUTE|[1]
01:23:57.0 (7756277)|METHOD_EXIT|[1]|StringArrayTest
01:23:57.0 (7779854)|METHOD_ENTRY|[1]|01p7F000009200H|StringArrayTest.generateStringArray(Integer)
01:23:57.0 (7826619)|VARIABLE_SCOPE_BEGIN|[2]|n|Integer|false|false
01:23:57.0 (7847264)|VARIABLE_ASSIGNMENT|[2]|n|5
01:23:57.0 (7856019)|STATEMENT_EXECUTE|[2]
01:23:57.0 (7857233)|STATEMENT_EXECUTE|[4]
01:23:57.0 (7862507)|HEAP_ALLOCATE|[4]|Bytes:4
01:23:57.0 (7907709)|VARIABLE_SCOPE_BEGIN|[4]|mylist|List<String>|true|false
01:23:57.0 (7942236)|HEAP_ALLOCATE|[EXTERNAL]|Bytes:4
01:23:57.0 (7954412)|VARIABLE_ASSIGNMENT|[4]|mylist|[]|0xb27bbd0
01:23:57.0 (7961115)|STATEMENT_EXECUTE|[5]
01:23:57.0 (7963804)|VARIABLE_SCOPE_BEGIN|[5]|i|Integer|false|false
01:23:57.0 (7969840)|HEAP_ALLOCATE|[5]|Bytes:4
01:23:57.0 (7974745)|VARIABLE_ASSIGNMENT|[5]|i|0
01:23:57.0 (7981727)|STATEMENT_EXECUTE|[5]
01:23:57.0 (7982719)|STATEMENT_EXECUTE|[6]
01:23:57.0 (7985164)|HEAP_ALLOCATE|[6]|Bytes:4
01:23:57.0 (8034472)|HEAP_ALLOCATE|[6]|Bytes:1
01:23:57.0 (8052866)|HEAP_ALLOCATE|[6]|Bytes:5
01:23:57.0 (8056826)|VARIABLE_SCOPE_BEGIN|[6]|s1|String|false|false
01:23:57.0 (8066695)|VARIABLE_ASSIGNMENT|[6]|s1|"Test0"
01:23:57.0 (8070940)|STATEMENT_EXECUTE|[7]
01:23:57.0 (8094598)|HEAP_ALLOCATE|[EXTERNAL]|Bytes:4
01:23:57.0 (8101585)|STATEMENT_EXECUTE|[8]
01:23:57.0 (8107528)|HEAP_ALLOCATE|[8]|Bytes:5
01:23:57.0 (8138657)|USER_DEBUG|[8]|DEBUG|Test0
01:23:57.0 (8146718)|HEAP_ALLOCATE|[5]|Bytes:4
01:23:57.0 (8151966)|VARIABLE_ASSIGNMENT|[5]|i|1
01:23:57.0 (8157328)|STATEMENT_EXECUTE|[5]
01:23:57.0 (8158452)|STATEMENT_EXECUTE|[6]
01:23:57.0 (8167560)|HEAP_ALLOCATE|[6]|Bytes:1
01:23:57.0 (8175443)|HEAP_ALLOCATE|[6]|Bytes:5
01:23:57.0 (8178564)|VARIABLE_SCOPE_BEGIN|[6]|s1|String|false|false
01:23:57.0 (8185437)|VARIABLE_ASSIGNMENT|[6]|s1|"Test1"
01:23:57.0 (8188865)|STATEMENT_EXECUTE|[7]
01:23:57.0 (8193094)|HEAP_ALLOCATE|[EXTERNAL]|Bytes:4
01:23:57.0 (8197213)|STATEMENT_EXECUTE|[8]
01:23:57.0 (8199699)|HEAP_ALLOCATE|[8]|Bytes:5
01:23:57.0 (8205544)|USER_DEBUG|[8]|DEBUG|Test1
01:23:57.0 (8210762)|HEAP_ALLOCATE|[5]|Bytes:4
01:23:57.0 (8214428)|VARIABLE_ASSIGNMENT|[5]|i|2
01:23:57.0 (8218582)|STATEMENT_EXECUTE|[5]
01:23:57.0 (8219650)|STATEMENT_EXECUTE|[6]
01:23:57.0 (8226455)|HEAP_ALLOCATE|[6]|Bytes:1
01:23:57.0 (8233391)|HEAP_ALLOCATE|[6]|Bytes:5
01:23:57.0 (8236465)|VARIABLE_SCOPE_BEGIN|[6]|s1|String|false|false
01:23:57.0 (8243179)|VARIABLE_ASSIGNMENT|[6]|s1|"Test2"
01:23:57.0 (8247416)|STATEMENT_EXECUTE|[7]
01:23:57.0 (8251049)|HEAP_ALLOCATE|[EXTERNAL]|Bytes:4
01:23:57.0 (8254871)|STATEMENT_EXECUTE|[8]
01:23:57.0 (8256619)|HEAP_ALLOCATE|[8]|Bytes:5
01:23:57.0 (8261204)|USER_DEBUG|[8]|DEBUG|Test2
01:23:57.0 (8265488)|HEAP_ALLOCATE|[5]|Bytes:4
01:23:57.0 (8268829)|VARIABLE_ASSIGNMENT|[5]|i|3
01:23:57.0 (8272696)|STATEMENT_EXECUTE|[5]
01:23:57.0 (8273684)|STATEMENT_EXECUTE|[6]
01:23:57.0 (8280087)|HEAP_ALLOCATE|[6]|Bytes:1
01:23:57.0 (8286750)|HEAP_ALLOCATE|[6]|Bytes:5
01:23:57.0 (8289622)|VARIABLE_SCOPE_BEGIN|[6]|s1|String|false|false
01:23:57.0 (8295958)|VARIABLE_ASSIGNMENT|[6]|s1|"Test3"
01:23:57.0 (8299261)|STATEMENT_EXECUTE|[7]
01:23:57.0 (8302418)|HEAP_ALLOCATE|[EXTERNAL]|Bytes:4
01:23:57.0 (8306090)|STATEMENT_EXECUTE|[8]
01:23:57.0 (8307830)|HEAP_ALLOCATE|[8]|Bytes:5
01:23:57.0 (8312145)|USER_DEBUG|[8]|DEBUG|Test3
01:23:57.0 (8316386)|HEAP_ALLOCATE|[5]|Bytes:4
01:23:57.0 (8319866)|VARIABLE_ASSIGNMENT|[5]|i|4
01:23:57.0 (8323528)|STATEMENT_EXECUTE|[5]
01:23:57.0 (8324513)|STATEMENT_EXECUTE|[6]
01:23:57.0 (8330866)|HEAP_ALLOCATE|[6]|Bytes:1
01:23:57.0 (8338016)|HEAP_ALLOCATE|[6]|Bytes:5
01:23:57.0 (8341341)|VARIABLE_SCOPE_BEGIN|[6]|s1|String|false|false
01:23:57.0 (8347180)|VARIABLE_ASSIGNMENT|[6]|s1|"Test4"
01:23:57.0 (8350473)|STATEMENT_EXECUTE|[7]
01:23:57.0 (8353733)|HEAP_ALLOCATE|[EXTERNAL]|Bytes:4
01:23:57.0 (8357723)|STATEMENT_EXECUTE|[8]
01:23:57.0 (8359417)|HEAP_ALLOCATE|[8]|Bytes:5
01:23:57.0 (8363611)|USER_DEBUG|[8]|DEBUG|Test4
01:23:57.0 (8368082)|HEAP_ALLOCATE|[5]|Bytes:4
01:23:57.0 (8371479)|VARIABLE_ASSIGNMENT|[5]|i|5
01:23:57.0 (8376399)|STATEMENT_EXECUTE|[10]
01:23:57.0 (8397146)|USER_DEBUG|[10]|DEBUG|(Test0, Test1, Test2, Test3, Test4)
01:23:57.0 (8403512)|STATEMENT_EXECUTE|[11]
01:23:57.0 (8408609)|METHOD_EXIT|[1]|01p7F000009200H|StringArrayTest.generateStringArray(Integer)
01:23:57.0 (8418590)|SYSTEM_MODE_EXIT|false
01:23:57.8 (8451060)|CUMULATIVE_LIMIT_USAGE
01:23:57.8 (8451060)|LIMIT_USAGE_FOR_NS|(default)|
  Number of SOQL queries: 0 out of 100
  Number of query rows: 0 out of 50000
  Number of SOSL queries: 0 out of 20
  Number of DML statements: 0 out of 150
  Number of DML rows: 0 out of 10000
  Maximum CPU time: 0 out of 10000
  Maximum heap size: 0 out of 6000000
  Number of callouts: 0 out of 100
  Number of Email Invocations: 0 out of 10
  Number of future calls: 0 out of 50
  Number of queueable jobs added to the queue: 0 out of 50
  Number of Mobile Apex push calls: 0 out of 10

01:23:57.8 (8451060)|CUMULATIVE_LIMIT_USAGE_END

01:23:57.0 (8487768)|CODE_UNIT_FINISHED|execute_anonymous_apex
01:23:57.0 (9516204)|EXECUTION_FINISHED
