40.0 APEX_CODE,FINEST;APEX_PROFILING,INFO;CALLOUT,INFO;DB,INFO;SYSTEM,DEBUG;VALIDATION,INFO;VISUALFORCE,INFO;WAVE,INFO;WORKFLOW,INFO
Execute Anonymous: //EmailMissionSpecialist.sendMail('abc@gmail.com','123','body');
Execute Anonymous: EmailMissionSpecialist em = new EmailMissionSpecialist();
Execute Anonymous: em.sendMail('testingemail@gmail.com', 'Flight Path Change','Mission Control 123: Your flight path has been changed to avoid collision '+ 'with asteroid 2014 QO441.');
00:32:02.1 (1113481)|USER_INFO|[EXTERNAL]|0057F000000jFC7|tran.binh@mulodo.com|Pacific Standard Time|GMT-07:00
00:32:02.1 (1134992)|EXECUTION_STARTED
00:32:02.1 (1139873)|CODE_UNIT_STARTED|[EXTERNAL]|execute_anonymous_apex
00:32:02.1 (2389706)|VARIABLE_SCOPE_BEGIN|[2]|em|EmailMissionSpecialist|true|false
00:32:02.1 (2528747)|HEAP_ALLOCATE|[72]|Bytes:3
00:32:02.1 (2572888)|HEAP_ALLOCATE|[77]|Bytes:152
00:32:02.1 (2588611)|HEAP_ALLOCATE|[342]|Bytes:408
00:32:02.1 (2605102)|HEAP_ALLOCATE|[355]|Bytes:408
00:32:02.1 (2619082)|HEAP_ALLOCATE|[467]|Bytes:48
00:32:02.1 (2646874)|HEAP_ALLOCATE|[139]|Bytes:6
00:32:02.1 (2663862)|HEAP_ALLOCATE|[EXTERNAL]|Bytes:3
00:32:02.1 (2694542)|STATEMENT_EXECUTE|[1]
00:32:02.1 (2697153)|STATEMENT_EXECUTE|[2]
00:32:02.1 (2700211)|HEAP_ALLOCATE|[2]|Bytes:4
00:32:02.1 (2704806)|HEAP_ALLOCATE|[2]|Bytes:5
00:32:02.1 (2731225)|METHOD_ENTRY|[1]|01p7F0000091X2E|EmailMissionSpecialist.EmailMissionSpecialist()
00:32:02.1 (2739293)|STATEMENT_EXECUTE|[1]
00:32:02.1 (2743267)|STATEMENT_EXECUTE|[1]
00:32:02.1 (2748480)|METHOD_EXIT|[1]|EmailMissionSpecialist
00:32:02.1 (2766282)|HEAP_ALLOCATE|[2]|Bytes:4
00:32:02.1 (2799148)|HEAP_ALLOCATE|[50]|Bytes:5
00:32:02.1 (2823295)|HEAP_ALLOCATE|[56]|Bytes:5
00:32:02.1 (2830518)|HEAP_ALLOCATE|[64]|Bytes:7
00:32:02.1 (2848282)|SYSTEM_MODE_ENTER|false
00:32:02.1 (2865749)|HEAP_ALLOCATE|[2]|Bytes:5
00:32:02.1 (2876776)|CONSTRUCTOR_ENTRY|[2]|01p7F0000091X2E|<init>()
00:32:02.1 (2901242)|VARIABLE_SCOPE_BEGIN|[1]|this|EmailMissionSpecialist|true|false
00:32:02.1 (2939316)|VARIABLE_ASSIGNMENT|[1]|this|{}|0x5aced42d
00:32:02.1 (2948891)|HEAP_ALLOCATE|[EXTERNAL]|Bytes:6
00:32:02.1 (2968776)|STATEMENT_EXECUTE|[1]
00:32:02.1 (2973400)|CONSTRUCTOR_EXIT|[2]|01p7F0000091X2E|<init>()
00:32:02.1 (2982999)|SYSTEM_MODE_EXIT|false
00:32:02.1 (2997984)|VARIABLE_ASSIGNMENT|[2]|em|{}|0x5aced42d
00:32:02.1 (3003487)|STATEMENT_EXECUTE|[3]
00:32:02.1 (3009433)|HEAP_ALLOCATE|[3]|Bytes:22
00:32:02.1 (3013429)|HEAP_ALLOCATE|[3]|Bytes:18
00:32:02.1 (3015999)|HEAP_ALLOCATE|[3]|Bytes:99
00:32:02.1 (3036754)|SYSTEM_MODE_ENTER|false
00:32:02.1 (3044249)|HEAP_ALLOCATE|[3]|Bytes:5
00:32:02.1 (3076154)|METHOD_ENTRY|[3]|01p7F0000091X2E|EmailMissionSpecialist.sendMail(String, String, String)
00:32:02.1 (3100590)|VARIABLE_SCOPE_BEGIN|[3]|this|EmailMissionSpecialist|true|false
00:32:02.1 (3114267)|VARIABLE_ASSIGNMENT|[3]|this|{}|0x5aced42d
00:32:02.1 (3120617)|VARIABLE_SCOPE_BEGIN|[3]|address|String|false|false
00:32:02.1 (3135079)|VARIABLE_ASSIGNMENT|[3]|address|"testingemail@gmail.c (2 more) ..."
00:32:02.1 (3139008)|VARIABLE_SCOPE_BEGIN|[3]|subject|String|false|false
00:32:02.1 (3144641)|VARIABLE_ASSIGNMENT|[3]|subject|"Flight Path Change"
00:32:02.1 (3147849)|VARIABLE_SCOPE_BEGIN|[3]|body|String|false|false
00:32:02.1 (3154339)|VARIABLE_ASSIGNMENT|[3]|body|"Mission Control 123: (79 more) ..."
00:32:02.1 (3164027)|STATEMENT_EXECUTE|[3]
00:32:02.1 (3415905)|HEAP_ALLOCATE|[5]|Bytes:5
00:32:02.1 (20620099)|HEAP_DUMP|[5]|07n7F000000PHBG|EmailMissionSpecialist|none|5
00:32:02.1 (20641316)|STATEMENT_EXECUTE|[5]
00:32:02.1 (20757086)|VARIABLE_SCOPE_BEGIN|[5]|mail|Messaging.SingleEmailMessage|true|false
00:32:02.1 (20901684)|VARIABLE_ASSIGNMENT|[5]|mail|"common.api.soap.wsdl.SingleEmailMessage@7a134b37"|0x59d008f8
00:32:02.1 (20929653)|STATEMENT_EXECUTE|[6]
00:32:02.1 (20989225)|HEAP_ALLOCATE|[6]|Bytes:4
00:32:02.1 (21092251)|VARIABLE_SCOPE_BEGIN|[6]|toAddresses|List<String>|true|false
00:32:02.1 (21135561)|HEAP_ALLOCATE|[EXTERNAL]|Bytes:8
00:32:02.1 (21165964)|VARIABLE_ASSIGNMENT|[6]|toAddresses|["testingemail@gmail.c (2 more) ..."]|0x64efc5bc
00:32:02.1 (21178577)|STATEMENT_EXECUTE|[7]
00:32:02.1 (21241480)|STATEMENT_EXECUTE|[8]
00:32:02.1 (21280644)|STATEMENT_EXECUTE|[9]
00:32:02.1 (21292390)|STATEMENT_EXECUTE|[12]
00:32:02.1 (21339325)|HEAP_ALLOCATE|[13]|Bytes:4
00:32:02.1 (21475701)|HEAP_ALLOCATE|[EXTERNAL]|Bytes:8
00:32:02.1 (21541554)|HEAP_ALLOCATE|[EXTERNAL]|Bytes:8
00:32:02.1 (46515590)|EMAIL_QUEUE|[12]|subject: Flight Path Change, bccSender: false, saveAsActivity: true, useSignature: true, toAddresses: [testingemail@gmail.com], plainTextBody: Mission Control 123: Your flight path has been changed to avoid collision with asteroid 2014 QO441., 
00:32:02.1 (46664614)|HEAP_ALLOCATE|[EXTERNAL]|Bytes:8
00:32:02.1 (46805339)|HEAP_ALLOCATE|[12]|Bytes:8
00:32:02.1 (46867350)|VARIABLE_SCOPE_BEGIN|[12]|results|List<Messaging.SendEmailResult>|true|false
00:32:02.1 (47017165)|VARIABLE_ASSIGNMENT|[12]|results|"common.apex.runtime.impl.ScalarList@64113be0"|0x3c6da28d
00:32:02.1 (47039725)|STATEMENT_EXECUTE|[16]
00:32:02.1 (47089002)|METHOD_ENTRY|[16]|01p7F0000091X2E|EmailMissionSpecialist.inspectResults(List<Messaging.SendEmailResult>)
00:32:02.1 (47144658)|VARIABLE_SCOPE_BEGIN|[20]|results|List<Messaging.SendEmailResult>|true|false
00:32:02.1 (47249882)|VARIABLE_ASSIGNMENT|[20]|results|"common.apex.runtime.impl.ScalarList@64113be0"|0x3c6da28d
00:32:02.1 (47267033)|STATEMENT_EXECUTE|[20]
00:32:02.1 (47269165)|STATEMENT_EXECUTE|[21]
00:32:02.1 (47277709)|VARIABLE_SCOPE_BEGIN|[21]|sendResult|Boolean|false|false
00:32:02.1 (47293998)|HEAP_ALLOCATE|[21]|Bytes:5
00:32:02.1 (47303534)|VARIABLE_ASSIGNMENT|[21]|sendResult|true
00:32:02.1 (47606650)|HEAP_ALLOCATE|[26]|Bytes:5
00:32:02.1 (47756373)|HEAP_ALLOCATE|[26]|Bytes:4
00:32:02.1 (47812213)|VARIABLE_SCOPE_BEGIN|[26]|res|Messaging.SendEmailResult|true|false
00:32:02.1 (47886813)|VARIABLE_ASSIGNMENT|[26]|res|"common.api.soap.wsdl.SendEmailResult@64113bc1"|0x44e24740
00:32:02.1 (47898440)|STATEMENT_EXECUTE|[26]
00:32:02.1 (47949405)|STATEMENT_EXECUTE|[27]
00:32:02.1 (47952259)|STATEMENT_EXECUTE|[28]
00:32:02.1 (47961063)|HEAP_ALLOCATE|[28]|Bytes:23
00:32:02.1 (48021232)|USER_DEBUG|[28]|DEBUG|Email sent successfully
00:32:02.1 (48052114)|HEAP_ALLOCATE|[26]|Bytes:5
00:32:02.1 (48071474)|VARIABLE_ASSIGNMENT|[26]|res|null|
00:32:02.1 (48082263)|STATEMENT_EXECUTE|[35]
00:32:02.1 (48090695)|METHOD_EXIT|[16]|01p7F0000091X2E|EmailMissionSpecialist.inspectResults(List<Messaging.SendEmailResult>)
00:32:02.1 (48104949)|METHOD_EXIT|[3]|01p7F0000091X2E|EmailMissionSpecialist.sendMail(String, String, String)
00:32:02.1 (48119927)|SYSTEM_MODE_EXIT|false
00:32:02.61 (61604307)|CUMULATIVE_LIMIT_USAGE
00:32:02.61 (61604307)|LIMIT_USAGE_FOR_NS|(default)|
  Number of SOQL queries: 0 out of 100
  Number of query rows: 0 out of 50000
  Number of SOSL queries: 0 out of 20
  Number of DML statements: 0 out of 150
  Number of DML rows: 0 out of 10000
  Maximum CPU time: 0 out of 10000
  Maximum heap size: 0 out of 6000000
  Number of callouts: 0 out of 100
  Number of Email Invocations: 1 out of 10
  Number of future calls: 0 out of 50
  Number of queueable jobs added to the queue: 0 out of 50
  Number of Mobile Apex push calls: 0 out of 10

00:32:02.61 (61604307)|CUMULATIVE_LIMIT_USAGE_END

00:32:02.1 (61660330)|CODE_UNIT_FINISHED|execute_anonymous_apex
00:32:02.1 (62594242)|EXECUTION_FINISHED
