40.0 APEX_CODE,FINEST;APEX_PROFILING,INFO;CALLOUT,INFO;DB,INFO;SYSTEM,DEBUG;VALIDATION,INFO;VISUALFORCE,INFO;WAVE,INFO;WORKFLOW,INFO
Execute Anonymous: //EmailMissionSpecialist.sendMail('abc@gmail.com','123','body');
Execute Anonymous: EmailMissionSpecialist em = new EmailMissionSpecialist();
Execute Anonymous: em.sendMail('testingemail', 'Flight Path Change','Mission Control 123: Your flight path has been changed to avoid collision '+ 'with asteroid 2014 QO441.');
00:33:31.0 (957499)|USER_INFO|[EXTERNAL]|0057F000000jFC7|tran.binh@mulodo.com|Pacific Standard Time|GMT-07:00
00:33:31.0 (978184)|EXECUTION_STARTED
00:33:31.0 (983477)|CODE_UNIT_STARTED|[EXTERNAL]|execute_anonymous_apex
00:33:31.0 (2187456)|VARIABLE_SCOPE_BEGIN|[2]|em|EmailMissionSpecialist|true|false
00:33:31.0 (2318089)|HEAP_ALLOCATE|[72]|Bytes:3
00:33:31.0 (2362368)|HEAP_ALLOCATE|[77]|Bytes:152
00:33:31.0 (2377118)|HEAP_ALLOCATE|[342]|Bytes:408
00:33:31.0 (2392329)|HEAP_ALLOCATE|[355]|Bytes:408
00:33:31.0 (2405305)|HEAP_ALLOCATE|[467]|Bytes:48
00:33:31.0 (2432421)|HEAP_ALLOCATE|[139]|Bytes:6
00:33:31.0 (2447962)|HEAP_ALLOCATE|[EXTERNAL]|Bytes:3
00:33:31.0 (2479719)|STATEMENT_EXECUTE|[1]
00:33:31.0 (2483025)|STATEMENT_EXECUTE|[2]
00:33:31.0 (2485997)|HEAP_ALLOCATE|[2]|Bytes:4
00:33:31.0 (2490898)|HEAP_ALLOCATE|[2]|Bytes:5
00:33:31.0 (2518044)|METHOD_ENTRY|[1]|01p7F0000091X2E|EmailMissionSpecialist.EmailMissionSpecialist()
00:33:31.0 (2526019)|STATEMENT_EXECUTE|[1]
00:33:31.0 (2530853)|STATEMENT_EXECUTE|[1]
00:33:31.0 (2535389)|METHOD_EXIT|[1]|EmailMissionSpecialist
00:33:31.0 (2553682)|HEAP_ALLOCATE|[2]|Bytes:4
00:33:31.0 (2584349)|HEAP_ALLOCATE|[50]|Bytes:5
00:33:31.0 (2606510)|HEAP_ALLOCATE|[56]|Bytes:5
00:33:31.0 (2613553)|HEAP_ALLOCATE|[64]|Bytes:7
00:33:31.0 (2631265)|SYSTEM_MODE_ENTER|false
00:33:31.0 (2650148)|HEAP_ALLOCATE|[2]|Bytes:5
00:33:31.0 (2663941)|CONSTRUCTOR_ENTRY|[2]|01p7F0000091X2E|<init>()
00:33:31.0 (2686610)|VARIABLE_SCOPE_BEGIN|[1]|this|EmailMissionSpecialist|true|false
00:33:31.0 (2723666)|VARIABLE_ASSIGNMENT|[1]|this|{}|0x7ab40a28
00:33:31.0 (2732133)|HEAP_ALLOCATE|[EXTERNAL]|Bytes:6
00:33:31.0 (2749343)|STATEMENT_EXECUTE|[1]
00:33:31.0 (2752956)|CONSTRUCTOR_EXIT|[2]|01p7F0000091X2E|<init>()
00:33:31.0 (2763234)|SYSTEM_MODE_EXIT|false
00:33:31.0 (2779169)|VARIABLE_ASSIGNMENT|[2]|em|{}|0x7ab40a28
00:33:31.0 (2784841)|STATEMENT_EXECUTE|[3]
00:33:31.0 (2789797)|HEAP_ALLOCATE|[3]|Bytes:12
00:33:31.0 (2793118)|HEAP_ALLOCATE|[3]|Bytes:18
00:33:31.0 (2795774)|HEAP_ALLOCATE|[3]|Bytes:99
00:33:31.0 (2813349)|SYSTEM_MODE_ENTER|false
00:33:31.0 (2821136)|HEAP_ALLOCATE|[3]|Bytes:5
00:33:31.0 (2850039)|METHOD_ENTRY|[3]|01p7F0000091X2E|EmailMissionSpecialist.sendMail(String, String, String)
00:33:31.0 (2871130)|VARIABLE_SCOPE_BEGIN|[3]|this|EmailMissionSpecialist|true|false
00:33:31.0 (2889301)|VARIABLE_ASSIGNMENT|[3]|this|{}|0x7ab40a28
00:33:31.0 (2895809)|VARIABLE_SCOPE_BEGIN|[3]|address|String|false|false
00:33:31.0 (2904686)|VARIABLE_ASSIGNMENT|[3]|address|"testingemail"
00:33:31.0 (2908447)|VARIABLE_SCOPE_BEGIN|[3]|subject|String|false|false
00:33:31.0 (2914796)|VARIABLE_ASSIGNMENT|[3]|subject|"Flight Path Change"
00:33:31.0 (2917777)|VARIABLE_SCOPE_BEGIN|[3]|body|String|false|false
00:33:31.0 (2925145)|VARIABLE_ASSIGNMENT|[3]|body|"Mission Control 123: (79 more) ..."
00:33:31.0 (2933895)|STATEMENT_EXECUTE|[3]
00:33:31.0 (3286685)|HEAP_ALLOCATE|[5]|Bytes:5
00:33:31.0 (18962881)|HEAP_DUMP|[5]|07n7F000000PHBQ|EmailMissionSpecialist|none|5
00:33:31.0 (18977709)|STATEMENT_EXECUTE|[5]
00:33:31.0 (19056067)|VARIABLE_SCOPE_BEGIN|[5]|mail|Messaging.SingleEmailMessage|true|false
00:33:31.0 (19175976)|VARIABLE_ASSIGNMENT|[5]|mail|"common.api.soap.wsdl.SingleEmailMessage@40d6cdb4"|0x36b60bf8
00:33:31.0 (19187054)|STATEMENT_EXECUTE|[6]
00:33:31.0 (19230258)|HEAP_ALLOCATE|[6]|Bytes:4
00:33:31.0 (19297292)|VARIABLE_SCOPE_BEGIN|[6]|toAddresses|List<String>|true|false
00:33:31.0 (19335434)|HEAP_ALLOCATE|[EXTERNAL]|Bytes:8
00:33:31.0 (19348410)|VARIABLE_ASSIGNMENT|[6]|toAddresses|["testingemail"]|0x46f39889
00:33:31.0 (19355346)|STATEMENT_EXECUTE|[7]
00:33:31.0 (19392170)|STATEMENT_EXECUTE|[8]
00:33:31.0 (19422414)|STATEMENT_EXECUTE|[9]
00:33:31.0 (19432518)|STATEMENT_EXECUTE|[12]
00:33:31.0 (19452223)|HEAP_ALLOCATE|[13]|Bytes:4
00:33:31.0 (19547090)|HEAP_ALLOCATE|[EXTERNAL]|Bytes:8
00:33:31.0 (19604376)|HEAP_ALLOCATE|[EXTERNAL]|Bytes:8
00:33:31.0 (21060009)|EXCEPTION_THROWN|[12]|System.EmailException: SendEmail failed. First exception on row 0; first error: INVALID_EMAIL_ADDRESS, Email address is invalid: testingemail: [toAddresses, testingemail]
00:33:31.0 (21312084)|HEAP_ALLOCATE|[12]|Bytes:151
00:33:31.0 (21335773)|METHOD_EXIT|[3]|01p7F0000091X2E|EmailMissionSpecialist.sendMail(String, String, String)
00:33:31.0 (21346613)|SYSTEM_MODE_EXIT|false
00:33:31.0 (21480813)|FATAL_ERROR|System.EmailException: SendEmail failed. First exception on row 0; first error: INVALID_EMAIL_ADDRESS, Email address is invalid: testingemail: [toAddresses, testingemail]

Class.EmailMissionSpecialist.sendMail: line 12, column 1
AnonymousBlock: line 3, column 1
AnonymousBlock: line 3, column 1
00:33:31.21 (21495014)|CUMULATIVE_LIMIT_USAGE
00:33:31.21 (21495014)|LIMIT_USAGE_FOR_NS|(default)|
  Number of SOQL queries: 0 out of 100
  Number of query rows: 0 out of 50000
  Number of SOSL queries: 0 out of 20
  Number of DML statements: 0 out of 150
  Number of DML rows: 0 out of 10000
  Maximum CPU time: 0 out of 10000
  Maximum heap size: 0 out of 6000000
  Number of callouts: 0 out of 100
  Number of Email Invocations: 0 out of 10
  Number of future calls: 0 out of 50
  Number of queueable jobs added to the queue: 0 out of 50
  Number of Mobile Apex push calls: 0 out of 10

00:33:31.21 (21495014)|CUMULATIVE_LIMIT_USAGE_END

00:33:31.0 (21529065)|CODE_UNIT_FINISHED|execute_anonymous_apex
00:33:31.0 (22477133)|EXECUTION_FINISHED
