40.0 APEX_CODE,FINEST;APEX_PROFILING,INFO;CALLOUT,INFO;DB,INFO;SYSTEM,DEBUG;VALIDATION,INFO;VISUALFORCE,INFO;WAVE,INFO;WORKFLOW,INFO
Execute Anonymous: StringArrayTest.generateStringArray(5);
01:21:08.0 (982503)|USER_INFO|[EXTERNAL]|0057F000000jFC7|tran.binh@mulodo.com|Pacific Standard Time|GMT-07:00
01:21:08.0 (1004983)|EXECUTION_STARTED
01:21:08.0 (1008989)|CODE_UNIT_STARTED|[EXTERNAL]|execute_anonymous_apex
01:21:08.0 (1163633)|HEAP_ALLOCATE|[72]|Bytes:3
01:21:08.0 (1194541)|HEAP_ALLOCATE|[77]|Bytes:152
01:21:08.0 (1209245)|HEAP_ALLOCATE|[342]|Bytes:408
01:21:08.0 (1225301)|HEAP_ALLOCATE|[355]|Bytes:408
01:21:08.0 (1239705)|HEAP_ALLOCATE|[467]|Bytes:48
01:21:08.0 (1265743)|HEAP_ALLOCATE|[139]|Bytes:6
01:21:08.0 (1281946)|HEAP_ALLOCATE|[EXTERNAL]|Bytes:1
01:21:08.0 (1349921)|STATEMENT_EXECUTE|[1]
01:21:08.0 (1352369)|STATEMENT_EXECUTE|[1]
01:21:08.0 (1400881)|HEAP_ALLOCATE|[50]|Bytes:5
01:21:08.0 (1418361)|HEAP_ALLOCATE|[56]|Bytes:5
01:21:08.0 (1425391)|HEAP_ALLOCATE|[64]|Bytes:7
01:21:08.0 (1441771)|SYSTEM_MODE_ENTER|false
01:21:08.0 (1457857)|HEAP_ALLOCATE|[1]|Bytes:5
01:21:08.0 (6413955)|HEAP_ALLOCATE|[1]|Bytes:1
01:21:08.0 (6424811)|HEAP_ALLOCATE|[1]|Bytes:4
01:21:08.0 (6439373)|METHOD_ENTRY|[1]|01p7F000009200H|StringArrayTest.StringArrayTest()
01:21:08.0 (6446680)|STATEMENT_EXECUTE|[1]
01:21:08.0 (6453328)|STATEMENT_EXECUTE|[1]
01:21:08.0 (6457617)|METHOD_EXIT|[1]|StringArrayTest
01:21:08.0 (6481273)|METHOD_ENTRY|[1]|01p7F000009200H|StringArrayTest.generateStringArray(Integer)
01:21:08.0 (6526836)|VARIABLE_SCOPE_BEGIN|[2]|n|Integer|false|false
01:21:08.0 (6546914)|VARIABLE_ASSIGNMENT|[2]|n|5
01:21:08.0 (6554972)|STATEMENT_EXECUTE|[2]
01:21:08.0 (6556485)|STATEMENT_EXECUTE|[4]
01:21:08.0 (6561712)|HEAP_ALLOCATE|[4]|Bytes:4
01:21:08.0 (6602525)|VARIABLE_SCOPE_BEGIN|[4]|mylist|List<String>|true|false
01:21:08.0 (6628816)|HEAP_ALLOCATE|[EXTERNAL]|Bytes:4
01:21:08.0 (6641631)|VARIABLE_ASSIGNMENT|[4]|mylist|[]|0x4e1ea666
01:21:08.0 (6648116)|STATEMENT_EXECUTE|[5]
01:21:08.0 (6651468)|VARIABLE_SCOPE_BEGIN|[5]|i|Integer|false|false
01:21:08.0 (6658403)|HEAP_ALLOCATE|[5]|Bytes:4
01:21:08.0 (6668538)|VARIABLE_ASSIGNMENT|[5]|i|0
01:21:08.0 (6675221)|STATEMENT_EXECUTE|[5]
01:21:08.0 (6676341)|STATEMENT_EXECUTE|[6]
01:21:08.0 (6679107)|HEAP_ALLOCATE|[6]|Bytes:4
01:21:08.0 (6730870)|HEAP_ALLOCATE|[6]|Bytes:1
01:21:08.0 (6750098)|HEAP_ALLOCATE|[6]|Bytes:5
01:21:08.0 (6754801)|VARIABLE_SCOPE_BEGIN|[6]|s1|String|false|false
01:21:08.0 (6765476)|VARIABLE_ASSIGNMENT|[6]|s1|"test0"
01:21:08.0 (6769773)|STATEMENT_EXECUTE|[7]
01:21:08.0 (6795341)|HEAP_ALLOCATE|[EXTERNAL]|Bytes:4
01:21:08.0 (6802635)|STATEMENT_EXECUTE|[8]
01:21:08.0 (6809058)|HEAP_ALLOCATE|[8]|Bytes:5
01:21:08.0 (6838134)|USER_DEBUG|[8]|DEBUG|test0
01:21:08.0 (6847161)|HEAP_ALLOCATE|[5]|Bytes:4
01:21:08.0 (6853169)|VARIABLE_ASSIGNMENT|[5]|i|1
01:21:08.0 (6858470)|STATEMENT_EXECUTE|[5]
01:21:08.0 (6859635)|STATEMENT_EXECUTE|[6]
01:21:08.0 (6870948)|HEAP_ALLOCATE|[6]|Bytes:1
01:21:08.0 (6879999)|HEAP_ALLOCATE|[6]|Bytes:5
01:21:08.0 (6883532)|VARIABLE_SCOPE_BEGIN|[6]|s1|String|false|false
01:21:08.0 (6891158)|VARIABLE_ASSIGNMENT|[6]|s1|"test1"
01:21:08.0 (6894873)|STATEMENT_EXECUTE|[7]
01:21:08.0 (6899867)|HEAP_ALLOCATE|[EXTERNAL]|Bytes:4
01:21:08.0 (6904368)|STATEMENT_EXECUTE|[8]
01:21:08.0 (6906683)|HEAP_ALLOCATE|[8]|Bytes:5
01:21:08.0 (6912830)|USER_DEBUG|[8]|DEBUG|test1
01:21:08.0 (6917427)|HEAP_ALLOCATE|[5]|Bytes:4
01:21:08.0 (6921526)|VARIABLE_ASSIGNMENT|[5]|i|2
01:21:08.0 (6925505)|STATEMENT_EXECUTE|[5]
01:21:08.0 (6926617)|STATEMENT_EXECUTE|[6]
01:21:08.0 (6934399)|HEAP_ALLOCATE|[6]|Bytes:1
01:21:08.0 (6942184)|HEAP_ALLOCATE|[6]|Bytes:5
01:21:08.0 (6945533)|VARIABLE_SCOPE_BEGIN|[6]|s1|String|false|false
01:21:08.0 (6952584)|VARIABLE_ASSIGNMENT|[6]|s1|"test2"
01:21:08.0 (6956135)|STATEMENT_EXECUTE|[7]
01:21:08.0 (6959969)|HEAP_ALLOCATE|[EXTERNAL]|Bytes:4
01:21:08.0 (6964044)|STATEMENT_EXECUTE|[8]
01:21:08.0 (6966076)|HEAP_ALLOCATE|[8]|Bytes:5
01:21:08.0 (6971059)|USER_DEBUG|[8]|DEBUG|test2
01:21:08.0 (6975356)|HEAP_ALLOCATE|[5]|Bytes:4
01:21:08.0 (6979255)|VARIABLE_ASSIGNMENT|[5]|i|3
01:21:08.0 (6983633)|STATEMENT_EXECUTE|[5]
01:21:08.0 (6984720)|STATEMENT_EXECUTE|[6]
01:21:08.0 (6991623)|HEAP_ALLOCATE|[6]|Bytes:1
01:21:08.0 (6998831)|HEAP_ALLOCATE|[6]|Bytes:5
01:21:08.0 (7001861)|VARIABLE_SCOPE_BEGIN|[6]|s1|String|false|false
01:21:08.0 (7012910)|VARIABLE_ASSIGNMENT|[6]|s1|"test3"
01:21:08.0 (7016938)|STATEMENT_EXECUTE|[7]
01:21:08.0 (7020906)|HEAP_ALLOCATE|[EXTERNAL]|Bytes:4
01:21:08.0 (7025536)|STATEMENT_EXECUTE|[8]
01:21:08.0 (7027619)|HEAP_ALLOCATE|[8]|Bytes:5
01:21:08.0 (7032633)|USER_DEBUG|[8]|DEBUG|test3
01:21:08.0 (7037215)|HEAP_ALLOCATE|[5]|Bytes:4
01:21:08.0 (7041451)|VARIABLE_ASSIGNMENT|[5]|i|4
01:21:08.0 (7045243)|STATEMENT_EXECUTE|[5]
01:21:08.0 (7046358)|STATEMENT_EXECUTE|[6]
01:21:08.0 (7055758)|HEAP_ALLOCATE|[6]|Bytes:1
01:21:08.0 (7063439)|HEAP_ALLOCATE|[6]|Bytes:5
01:21:08.0 (7066613)|VARIABLE_SCOPE_BEGIN|[6]|s1|String|false|false
01:21:08.0 (7073130)|VARIABLE_ASSIGNMENT|[6]|s1|"test4"
01:21:08.0 (7076574)|STATEMENT_EXECUTE|[7]
01:21:08.0 (7080309)|HEAP_ALLOCATE|[EXTERNAL]|Bytes:4
01:21:08.0 (7084419)|STATEMENT_EXECUTE|[8]
01:21:08.0 (7086527)|HEAP_ALLOCATE|[8]|Bytes:5
01:21:08.0 (7091825)|USER_DEBUG|[8]|DEBUG|test4
01:21:08.0 (7096145)|HEAP_ALLOCATE|[5]|Bytes:4
01:21:08.0 (7100053)|VARIABLE_ASSIGNMENT|[5]|i|5
01:21:08.0 (7104252)|STATEMENT_EXECUTE|[10]
01:21:08.0 (7126820)|USER_DEBUG|[10]|DEBUG|(test0, test1, test2, test3, test4)
01:21:08.0 (7134466)|STATEMENT_EXECUTE|[11]
01:21:08.0 (7139107)|METHOD_EXIT|[1]|01p7F000009200H|StringArrayTest.generateStringArray(Integer)
01:21:08.0 (7148352)|SYSTEM_MODE_EXIT|false
01:21:08.7 (7170640)|CUMULATIVE_LIMIT_USAGE
01:21:08.7 (7170640)|LIMIT_USAGE_FOR_NS|(default)|
  Number of SOQL queries: 0 out of 100
  Number of query rows: 0 out of 50000
  Number of SOSL queries: 0 out of 20
  Number of DML statements: 0 out of 150
  Number of DML rows: 0 out of 10000
  Maximum CPU time: 0 out of 10000
  Maximum heap size: 0 out of 6000000
  Number of callouts: 0 out of 100
  Number of Email Invocations: 0 out of 10
  Number of future calls: 0 out of 50
  Number of queueable jobs added to the queue: 0 out of 50
  Number of Mobile Apex push calls: 0 out of 10

01:21:08.7 (7170640)|CUMULATIVE_LIMIT_USAGE_END

01:21:08.0 (7204864)|CODE_UNIT_FINISHED|execute_anonymous_apex
01:21:08.0 (8321187)|EXECUTION_FINISHED
