40.0 APEX_CODE,FINEST;APEX_PROFILING,INFO;CALLOUT,INFO;DB,INFO;SYSTEM,DEBUG;VALIDATION,INFO;VISUALFORCE,INFO;WAVE,INFO;WORKFLOW,INFO
18:55:15.0 (318968)|USER_INFO|[EXTERNAL]|0057F000000jFC7|tran.binh@mulodo.com|Pacific Standard Time|GMT-07:00
18:55:15.0 (353930)|EXECUTION_STARTED
18:55:15.0 (357981)|CODE_UNIT_STARTED|[EXTERNAL]|0667F000003kYXP|VF: /apex/Candidate
18:55:15.0 (2018478)|SYSTEM_MODE_ENTER|true
18:55:15.0 (2316492)|HEAP_ALLOCATE|[72]|Bytes:3
18:55:15.0 (2354293)|HEAP_ALLOCATE|[77]|Bytes:152
18:55:15.0 (2368137)|HEAP_ALLOCATE|[342]|Bytes:408
18:55:15.0 (2382555)|HEAP_ALLOCATE|[355]|Bytes:408
18:55:15.0 (2396156)|HEAP_ALLOCATE|[467]|Bytes:48
18:55:15.0 (2422814)|HEAP_ALLOCATE|[139]|Bytes:6
18:55:15.0 (2437281)|HEAP_ALLOCATE|[EXTERNAL]|Bytes:140
18:55:15.0 (2442962)|HEAP_ALLOCATE|[EXTERNAL]|Bytes:30
18:55:15.0 (2469678)|METHOD_ENTRY|[1]|01p7F0000093zPc|CandidatePagination.CandidatePagination()
18:55:15.0 (2477071)|STATEMENT_EXECUTE|[1]
18:55:15.0 (2481062)|STATEMENT_EXECUTE|[1]
18:55:15.0 (2507438)|HEAP_ALLOCATE|[50]|Bytes:5
18:55:15.0 (2527990)|HEAP_ALLOCATE|[56]|Bytes:5
18:55:15.0 (2534922)|HEAP_ALLOCATE|[64]|Bytes:7
18:55:15.0 (2549959)|SYSTEM_MODE_ENTER|false
18:55:15.0 (2560179)|HEAP_ALLOCATE|[EXTERNAL]|Bytes:5
18:55:15.0 (2567100)|SYSTEM_MODE_EXIT|false
18:55:15.0 (2573210)|METHOD_EXIT|[1]|CandidatePagination
18:55:15.0 (2587476)|HEAP_ALLOCATE|[EXTERNAL]|Bytes:24
18:55:15.0 (2638655)|VARIABLE_SCOPE_BEGIN|[22]|this|CandidatePagination|true|false
18:55:15.0 (2691229)|VARIABLE_ASSIGNMENT|[22]|this|{}|0x5c774b7b
18:55:15.0 (2703084)|SYSTEM_MODE_ENTER|false
18:55:15.0 (2708651)|HEAP_ALLOCATE|[3]|Bytes:5
18:55:15.0 (2713442)|STATEMENT_EXECUTE|[1]
18:55:15.0 (2715705)|HEAP_ALLOCATE|[3]|Bytes:5
18:55:15.0 (2718285)|STATEMENT_EXECUTE|[3]
18:55:15.0 (2722533)|HEAP_ALLOCATE|[3]|Bytes:4
18:55:15.0 (2733441)|VARIABLE_ASSIGNMENT|[3]|this.LIST_SIZE_PAGE|5|0x5c774b7b
18:55:15.0 (2738099)|STATEMENT_EXECUTE|[4]
18:55:15.0 (2739258)|STATEMENT_EXECUTE|[5]
18:55:15.0 (2740353)|STATEMENT_EXECUTE|[7]
18:55:15.0 (2741407)|STATEMENT_EXECUTE|[8]
18:55:15.0 (2748116)|HEAP_ALLOCATE|[3]|Bytes:6
18:55:15.0 (2767718)|STATEMENT_EXECUTE|[22]
18:55:15.0 (2769253)|STATEMENT_EXECUTE|[23]
18:55:15.0 (2771988)|HEAP_ALLOCATE|[23]|Bytes:32
18:55:15.0 (2781983)|HEAP_ALLOCATE|[23]|Bytes:4
18:55:15.0 (2901319)|SOQL_EXECUTE_BEGIN|[23]|Aggregations:0|SELECT COUNT() FROM Candidate__c
18:55:15.0 (5416735)|SOQL_EXECUTE_END|[23]|Rows:13
18:55:15.0 (5434213)|HEAP_ALLOCATE|[23]|Bytes:4
18:55:15.0 (5446857)|HEAP_ALLOCATE|[23]|Bytes:4
18:55:15.0 (5459138)|VARIABLE_ASSIGNMENT|[23]|this.totalSize|13|0x5c774b7b
18:55:15.0 (5465893)|STATEMENT_EXECUTE|[24]
18:55:15.0 (5468611)|HEAP_ALLOCATE|[24]|Bytes:4
18:55:15.0 (5473606)|VARIABLE_ASSIGNMENT|[24]|this.count|0|0x5c774b7b
18:55:15.0 (5478160)|STATEMENT_EXECUTE|[25]
18:55:15.0 (5545532)|VARIABLE_ASSIGNMENT|[EXTERNAL]|this|{"count":0,"LIST_SIZE_PAGE":5,"totalSize":13}|0x5c774b7b
18:55:15.0 (5555629)|VARIABLE_ASSIGNMENT|[EXTERNAL]|value|5
18:55:15.0 (5563483)|VARIABLE_ASSIGNMENT|[7]|this.customListSize|5|0x5c774b7b
18:55:15.0 (5575545)|SYSTEM_MODE_EXIT|false
18:55:15.0 (5792689)|SYSTEM_MODE_ENTER|true
18:55:15.0 (5829257)|HEAP_ALLOCATE|[EXTERNAL]|Bytes:24
18:55:15.0 (5901213)|VARIABLE_ASSIGNMENT|[EXTERNAL]|this|{"count":0,"customListSize":5,"LIST_SIZE_PAGE":5,"totalSize":13}|0x5c774b7b
18:55:15.0 (5914952)|SYSTEM_MODE_ENTER|false
18:55:15.0 (5921776)|HEAP_ALLOCATE|[11]|Bytes:5
18:55:15.0 (5927210)|STATEMENT_EXECUTE|[9]
18:55:15.0 (5966024)|VARIABLE_ASSIGNMENT|[EXTERNAL]|this|{"count":0,"customListSize":5,"LIST_SIZE_PAGE":5,"totalSize":13}|0x5c774b7b
18:55:15.0 (6009992)|VARIABLE_SCOPE_BEGIN|[2]|Math.E|Double|false|true
18:55:15.0 (6018089)|VARIABLE_SCOPE_BEGIN|[3]|Math.PI|Double|false|true
18:55:15.0 (6036657)|HEAP_ALLOCATE|[11]|Bytes:206
18:55:15.0 (6045881)|SYSTEM_METHOD_ENTRY|[1]|Math.Math()
18:55:15.0 (6049591)|STATEMENT_EXECUTE|[1]
18:55:15.0 (6092643)|SYSTEM_METHOD_EXIT|[1]|Math
18:55:15.0 (6107036)|METHOD_ENTRY|[11]||System.Math.mod(Integer, Integer)
18:55:15.0 (6161049)|METHOD_EXIT|[11]||System.Math.mod(Integer, Integer)
18:55:15.0 (6168037)|STATEMENT_EXECUTE|[11]
18:55:15.0 (6169799)|STATEMENT_EXECUTE|[14]
18:55:15.0 (6172728)|HEAP_ALLOCATE|[14]|Bytes:154
18:55:15.0 (6178840)|HEAP_ALLOCATE|[14]|Bytes:4
18:55:15.0 (6183858)|HEAP_ALLOCATE|[14]|Bytes:7
18:55:15.0 (6215282)|VARIABLE_ASSIGNMENT|[EXTERNAL]|this|{"count":0,"customListSize":5,"LIST_SIZE_PAGE":5,"totalSize":13}|0x5c774b7b
18:55:15.0 (6245678)|HEAP_ALLOCATE|[14]|Bytes:7
18:55:15.0 (6493251)|SOQL_EXECUTE_BEGIN|[14]|Aggregations:0|SELECT Name, First_Name__c, Last_Name__c, City__c, State_Province__c, Phone__c FROM Candidate__c ORDER BY Id ASC NULLS LAST LIMIT :tmpVar1 OFFSET :tmpVar2
18:55:15.0 (8169207)|SOQL_EXECUTE_END|[14]|Rows:5
18:55:15.0 (8195300)|HEAP_ALLOCATE|[14]|Bytes:24
18:55:15.0 (8238033)|HEAP_ALLOCATE|[14]|Bytes:812
18:55:15.0 (8265640)|HEAP_ALLOCATE|[14]|Bytes:24
18:55:15.0 (8277655)|SYSTEM_MODE_EXIT|false
18:55:15.0 (8583847)|SYSTEM_MODE_ENTER|true
18:55:15.0 (8618790)|HEAP_ALLOCATE|[EXTERNAL]|Bytes:24
18:55:15.0 (8653348)|VARIABLE_SCOPE_BEGIN|[67]|this|CandidatePagination|true|false
18:55:15.0 (8681502)|VARIABLE_ASSIGNMENT|[67]|this|{"count":0,"customListSize":5,"LIST_SIZE_PAGE":5,"totalSize":13}|0x5c774b7b
18:55:15.0 (8694994)|SYSTEM_MODE_ENTER|false
18:55:15.0 (8701428)|HEAP_ALLOCATE|[68]|Bytes:5
18:55:15.0 (8707138)|STATEMENT_EXECUTE|[67]
18:55:15.0 (8708741)|STATEMENT_EXECUTE|[68]
18:55:15.0 (8741834)|VARIABLE_ASSIGNMENT|[EXTERNAL]|this|{"count":0,"customListSize":5,"LIST_SIZE_PAGE":5,"totalSize":13}|0x5c774b7b
18:55:15.0 (8756273)|HEAP_ALLOCATE|[68]|Bytes:4
18:55:15.0 (8761274)|SYSTEM_MODE_EXIT|false
18:55:15.0 (8765680)|HEAP_ALLOCATE|[68]|Bytes:4
18:55:15.0 (8847691)|SYSTEM_MODE_ENTER|true
18:55:15.0 (8875362)|HEAP_ALLOCATE|[EXTERNAL]|Bytes:24
18:55:15.0 (8903387)|VARIABLE_SCOPE_BEGIN|[72]|this|CandidatePagination|true|false
18:55:15.0 (8926512)|VARIABLE_ASSIGNMENT|[72]|this|{"count":0,"customListSize":5,"LIST_SIZE_PAGE":5,"totalSize":13}|0x5c774b7b
18:55:15.0 (8937845)|SYSTEM_MODE_ENTER|false
18:55:15.0 (8943575)|HEAP_ALLOCATE|[73]|Bytes:5
18:55:15.0 (8948298)|STATEMENT_EXECUTE|[72]
18:55:15.0 (8949694)|STATEMENT_EXECUTE|[73]
18:55:15.0 (8978491)|VARIABLE_ASSIGNMENT|[EXTERNAL]|this|{"count":0,"customListSize":5,"LIST_SIZE_PAGE":5,"totalSize":13}|0x5c774b7b
18:55:15.0 (8990325)|HEAP_ALLOCATE|[73]|Bytes:4
18:55:15.0 (8994471)|SYSTEM_MODE_EXIT|false
18:55:15.0 (8998206)|HEAP_ALLOCATE|[73]|Bytes:4
18:55:15.0 (20118935)|SYSTEM_MODE_ENTER|true
18:55:15.0 (28517786)|SYSTEM_MODE_ENTER|true
18:55:15.0 (28555526)|HEAP_ALLOCATE|[EXTERNAL]|Bytes:24
18:55:15.0 (28587498)|VARIABLE_SCOPE_BEGIN|[54]|this|CandidatePagination|true|false
18:55:15.0 (28617373)|VARIABLE_ASSIGNMENT|[54]|this|{"count":0,"customListSize":5,"LIST_SIZE_PAGE":5,"totalSize":13}|0x5c774b7b
18:55:15.0 (28631231)|SYSTEM_MODE_ENTER|false
18:55:15.0 (28638133)|HEAP_ALLOCATE|[55]|Bytes:5
18:55:15.0 (28644005)|STATEMENT_EXECUTE|[54]
18:55:15.0 (28645526)|STATEMENT_EXECUTE|[55]
18:55:15.0 (28653076)|HEAP_ALLOCATE|[55]|Bytes:5
18:55:15.0 (28657739)|SYSTEM_MODE_EXIT|false
18:55:15.0 (28662834)|HEAP_ALLOCATE|[55]|Bytes:5
18:55:15.0 (28923324)|SYSTEM_MODE_ENTER|true
18:55:15.0 (28954500)|HEAP_ALLOCATE|[EXTERNAL]|Bytes:24
18:55:15.0 (28994151)|VARIABLE_SCOPE_BEGIN|[59]|this|CandidatePagination|true|false
18:55:15.0 (29020345)|VARIABLE_ASSIGNMENT|[59]|this|{"count":0,"customListSize":5,"LIST_SIZE_PAGE":5,"totalSize":13}|0x5c774b7b
18:55:15.0 (29038670)|SYSTEM_MODE_ENTER|false
18:55:15.0 (29044757)|HEAP_ALLOCATE|[60]|Bytes:5
18:55:15.0 (29050061)|STATEMENT_EXECUTE|[59]
18:55:15.0 (29083978)|VARIABLE_ASSIGNMENT|[EXTERNAL]|this|{"count":0,"customListSize":5,"LIST_SIZE_PAGE":5,"totalSize":13}|0x5c774b7b
18:55:15.0 (29098639)|STATEMENT_EXECUTE|[60]
18:55:15.0 (29100192)|STATEMENT_EXECUTE|[61]
18:55:15.0 (29103911)|HEAP_ALLOCATE|[61]|Bytes:5
18:55:15.0 (29108787)|SYSTEM_MODE_EXIT|false
18:55:15.0 (29113163)|HEAP_ALLOCATE|[61]|Bytes:5
18:55:15.0 (30326175)|VF_SERIALIZE_VIEWSTATE_BEGIN|0667F000003kYXP
18:55:15.0 (54667201)|VF_SERIALIZE_VIEWSTATE_END
18:55:15.0 (56779572)|CODE_UNIT_STARTED|[EXTERNAL]|Generate Metadata
18:55:15.0 (57194646)|CODE_UNIT_FINISHED|Generate Metadata
18:55:15.58 (58953991)|CUMULATIVE_LIMIT_USAGE
18:55:15.58 (58953991)|LIMIT_USAGE_FOR_NS|(default)|
  Number of SOQL queries: 2 out of 100
  Number of query rows: 18 out of 50000
  Number of SOSL queries: 0 out of 20
  Number of DML statements: 0 out of 150
  Number of DML rows: 0 out of 10000
  Maximum CPU time: 0 out of 10000
  Maximum heap size: 0 out of 6000000
  Number of callouts: 0 out of 100
  Number of Email Invocations: 0 out of 10
  Number of future calls: 0 out of 50
  Number of queueable jobs added to the queue: 0 out of 50
  Number of Mobile Apex push calls: 0 out of 10

18:55:15.58 (58953991)|CUMULATIVE_LIMIT_USAGE_END

18:55:15.0 (58984762)|CODE_UNIT_FINISHED|VF: /apex/Candidate
18:55:15.0 (59854396)|EXECUTION_FINISHED
