40.0 APEX_CODE,FINEST;APEX_PROFILING,INFO;CALLOUT,INFO;DB,INFO;SYSTEM,DEBUG;VALIDATION,INFO;VISUALFORCE,INFO;WAVE,INFO;WORKFLOW,INFO
19:07:03.0 (62963)|USER_INFO|[EXTERNAL]|0057F000000jFC7|tran.binh@mulodo.com|Pacific Standard Time|GMT-07:00
19:07:03.0 (97497)|EXECUTION_STARTED
19:07:03.0 (103125)|CODE_UNIT_STARTED|[EXTERNAL]|0667F000003kfqQ|VF: /apex/CandidateRegister
19:07:03.0 (6546124)|SYSTEM_MODE_ENTER|true
19:07:03.0 (6907651)|HEAP_ALLOCATE|[72]|Bytes:3
19:07:03.0 (6948857)|HEAP_ALLOCATE|[77]|Bytes:152
19:07:03.0 (6963338)|HEAP_ALLOCATE|[342]|Bytes:408
19:07:03.0 (6978366)|HEAP_ALLOCATE|[355]|Bytes:408
19:07:03.0 (6990560)|HEAP_ALLOCATE|[467]|Bytes:48
19:07:03.0 (7016372)|HEAP_ALLOCATE|[139]|Bytes:6
19:07:03.0 (7032693)|HEAP_ALLOCATE|[EXTERNAL]|Bytes:1
19:07:03.0 (7043875)|METHOD_ENTRY|[1]|01p7F000009oXl4|CandidateRegister.CandidateRegister()
19:07:03.0 (7052439)|STATEMENT_EXECUTE|[1]
19:07:03.0 (7057658)|STATEMENT_EXECUTE|[1]
19:07:03.0 (7087005)|HEAP_ALLOCATE|[50]|Bytes:5
19:07:03.0 (7110864)|HEAP_ALLOCATE|[56]|Bytes:5
19:07:03.0 (7117992)|HEAP_ALLOCATE|[64]|Bytes:7
19:07:03.0 (7133120)|SYSTEM_MODE_ENTER|false
19:07:03.0 (7148416)|HEAP_ALLOCATE|[EXTERNAL]|Bytes:5
19:07:03.0 (7156199)|SYSTEM_MODE_EXIT|false
19:07:03.0 (7162699)|METHOD_EXIT|[1]|CandidateRegister
19:07:03.0 (7174021)|HEAP_ALLOCATE|[EXTERNAL]|Bytes:4
19:07:03.0 (7181123)|VARIABLE_SCOPE_BEGIN|[1]|this|CandidateRegister|true|false
19:07:03.0 (7220440)|VARIABLE_ASSIGNMENT|[1]|this|{}|0x1cdb5248
19:07:03.0 (7230436)|SYSTEM_MODE_ENTER|false
19:07:03.0 (7235891)|HEAP_ALLOCATE|[EXTERNAL]|Bytes:5
19:07:03.0 (7242886)|HEAP_ALLOCATE|[EXTERNAL]|Bytes:6
19:07:03.0 (7261638)|SYSTEM_MODE_EXIT|false
19:07:03.0 (7265937)|STATEMENT_EXECUTE|[1]
19:07:03.0 (7268193)|SYSTEM_MODE_ENTER|false
19:07:03.0 (7271632)|HEAP_ALLOCATE|[EXTERNAL]|Bytes:5
19:07:03.0 (7274907)|SYSTEM_MODE_EXIT|false
19:07:03.31 (31778268)|CUMULATIVE_LIMIT_USAGE
19:07:03.31 (31778268)|LIMIT_USAGE_FOR_NS|(default)|
  Number of SOQL queries: 0 out of 100
  Number of query rows: 0 out of 50000
  Number of SOSL queries: 0 out of 20
  Number of DML statements: 0 out of 150
  Number of DML rows: 0 out of 10000
  Maximum CPU time: 0 out of 10000
  Maximum heap size: 0 out of 6000000
  Number of callouts: 0 out of 100
  Number of Email Invocations: 0 out of 10
  Number of future calls: 0 out of 50
  Number of queueable jobs added to the queue: 0 out of 50
  Number of Mobile Apex push calls: 0 out of 10

19:07:03.31 (31778268)|CUMULATIVE_LIMIT_USAGE_END

19:07:03.0 (31813778)|CODE_UNIT_FINISHED|VF: /apex/CandidateRegister
19:07:03.0 (32591140)|EXECUTION_FINISHED
