40.0 APEX_CODE,FINEST;APEX_PROFILING,INFO;CALLOUT,INFO;DB,INFO;SYSTEM,DEBUG;VALIDATION,INFO;VISUALFORCE,INFO;WAVE,INFO;WORKFLOW,INFO
Execute Anonymous: StringArrayTest.generateStringArray(5);
01:39:32.0 (964557)|USER_INFO|[EXTERNAL]|0057F000000jFC7|tran.binh@mulodo.com|Pacific Standard Time|GMT-07:00
01:39:32.0 (985464)|EXECUTION_STARTED
01:39:32.0 (990403)|CODE_UNIT_STARTED|[EXTERNAL]|execute_anonymous_apex
01:39:32.0 (1188499)|HEAP_ALLOCATE|[72]|Bytes:3
01:39:32.0 (1235351)|HEAP_ALLOCATE|[77]|Bytes:152
01:39:32.0 (1250269)|HEAP_ALLOCATE|[342]|Bytes:408
01:39:32.0 (1265744)|HEAP_ALLOCATE|[355]|Bytes:408
01:39:32.0 (1279784)|HEAP_ALLOCATE|[467]|Bytes:48
01:39:32.0 (1308736)|HEAP_ALLOCATE|[139]|Bytes:6
01:39:32.0 (1326847)|HEAP_ALLOCATE|[EXTERNAL]|Bytes:1
01:39:32.0 (1396950)|STATEMENT_EXECUTE|[1]
01:39:32.0 (1399611)|STATEMENT_EXECUTE|[1]
01:39:32.0 (1451996)|HEAP_ALLOCATE|[50]|Bytes:5
01:39:32.0 (1474355)|HEAP_ALLOCATE|[56]|Bytes:5
01:39:32.0 (1481971)|HEAP_ALLOCATE|[64]|Bytes:7
01:39:32.0 (1502134)|SYSTEM_MODE_ENTER|false
01:39:32.0 (1519216)|HEAP_ALLOCATE|[1]|Bytes:5
01:39:32.0 (6769458)|HEAP_ALLOCATE|[1]|Bytes:1
01:39:32.0 (6779812)|HEAP_ALLOCATE|[1]|Bytes:4
01:39:32.0 (6792964)|METHOD_ENTRY|[1]|01p7F000009200H|StringArrayTest.StringArrayTest()
01:39:32.0 (6800650)|STATEMENT_EXECUTE|[1]
01:39:32.0 (6805885)|STATEMENT_EXECUTE|[1]
01:39:32.0 (6811041)|METHOD_EXIT|[1]|StringArrayTest
01:39:32.0 (6840336)|METHOD_ENTRY|[1]|01p7F000009200H|StringArrayTest.generateStringArray(Integer)
01:39:32.0 (6890028)|VARIABLE_SCOPE_BEGIN|[2]|n|Integer|false|false
01:39:32.0 (6912400)|VARIABLE_ASSIGNMENT|[2]|n|5
01:39:32.0 (6921449)|STATEMENT_EXECUTE|[2]
01:39:32.0 (6922788)|STATEMENT_EXECUTE|[4]
01:39:32.0 (6928768)|HEAP_ALLOCATE|[4]|Bytes:4
01:39:32.0 (6974472)|VARIABLE_SCOPE_BEGIN|[4]|mylist|List<String>|true|false
01:39:32.0 (7008785)|HEAP_ALLOCATE|[EXTERNAL]|Bytes:4
01:39:32.0 (7022165)|VARIABLE_ASSIGNMENT|[4]|mylist|[]|0x53230d46
01:39:32.0 (7029495)|STATEMENT_EXECUTE|[5]
01:39:32.0 (7032427)|VARIABLE_SCOPE_BEGIN|[5]|i|Integer|false|false
01:39:32.0 (7038182)|HEAP_ALLOCATE|[5]|Bytes:4
01:39:32.0 (7043674)|VARIABLE_ASSIGNMENT|[5]|i|0
01:39:32.0 (7050866)|STATEMENT_EXECUTE|[5]
01:39:32.0 (7052014)|STATEMENT_EXECUTE|[6]
01:39:32.0 (7054919)|HEAP_ALLOCATE|[6]|Bytes:5
01:39:32.0 (7107710)|HEAP_ALLOCATE|[6]|Bytes:1
01:39:32.0 (7127412)|HEAP_ALLOCATE|[6]|Bytes:6
01:39:32.0 (7131668)|VARIABLE_SCOPE_BEGIN|[6]|s1|String|false|false
01:39:32.0 (7145787)|VARIABLE_ASSIGNMENT|[6]|s1|"Test 0"
01:39:32.0 (7150393)|STATEMENT_EXECUTE|[7]
01:39:32.0 (7178129)|HEAP_ALLOCATE|[EXTERNAL]|Bytes:4
01:39:32.0 (7186182)|STATEMENT_EXECUTE|[8]
01:39:32.0 (7192901)|HEAP_ALLOCATE|[8]|Bytes:6
01:39:32.0 (7235559)|USER_DEBUG|[8]|DEBUG|Test 0
01:39:32.0 (7244268)|HEAP_ALLOCATE|[5]|Bytes:4
01:39:32.0 (7251049)|VARIABLE_ASSIGNMENT|[5]|i|1
01:39:32.0 (7256957)|STATEMENT_EXECUTE|[5]
01:39:32.0 (7258135)|STATEMENT_EXECUTE|[6]
01:39:32.0 (7269879)|HEAP_ALLOCATE|[6]|Bytes:1
01:39:32.0 (7278825)|HEAP_ALLOCATE|[6]|Bytes:6
01:39:32.0 (7282568)|VARIABLE_SCOPE_BEGIN|[6]|s1|String|false|false
01:39:32.0 (7289937)|VARIABLE_ASSIGNMENT|[6]|s1|"Test 1"
01:39:32.0 (7293367)|STATEMENT_EXECUTE|[7]
01:39:32.0 (7298368)|HEAP_ALLOCATE|[EXTERNAL]|Bytes:4
01:39:32.0 (7302647)|STATEMENT_EXECUTE|[8]
01:39:32.0 (7304809)|HEAP_ALLOCATE|[8]|Bytes:6
01:39:32.0 (7311153)|USER_DEBUG|[8]|DEBUG|Test 1
01:39:32.0 (7315965)|HEAP_ALLOCATE|[5]|Bytes:4
01:39:32.0 (7320434)|VARIABLE_ASSIGNMENT|[5]|i|2
01:39:32.0 (7324637)|STATEMENT_EXECUTE|[5]
01:39:32.0 (7325802)|STATEMENT_EXECUTE|[6]
01:39:32.0 (7333439)|HEAP_ALLOCATE|[6]|Bytes:1
01:39:32.0 (7340897)|HEAP_ALLOCATE|[6]|Bytes:6
01:39:32.0 (7344100)|VARIABLE_SCOPE_BEGIN|[6]|s1|String|false|false
01:39:32.0 (7351234)|VARIABLE_ASSIGNMENT|[6]|s1|"Test 2"
01:39:32.0 (7354833)|STATEMENT_EXECUTE|[7]
01:39:32.0 (7358633)|HEAP_ALLOCATE|[EXTERNAL]|Bytes:4
01:39:32.0 (7362622)|STATEMENT_EXECUTE|[8]
01:39:32.0 (7364495)|HEAP_ALLOCATE|[8]|Bytes:6
01:39:32.0 (7369684)|USER_DEBUG|[8]|DEBUG|Test 2
01:39:32.0 (7374579)|HEAP_ALLOCATE|[5]|Bytes:4
01:39:32.0 (7378425)|VARIABLE_ASSIGNMENT|[5]|i|3
01:39:32.0 (7382541)|STATEMENT_EXECUTE|[5]
01:39:32.0 (7383690)|STATEMENT_EXECUTE|[6]
01:39:32.0 (7391217)|HEAP_ALLOCATE|[6]|Bytes:1
01:39:32.0 (7398586)|HEAP_ALLOCATE|[6]|Bytes:6
01:39:32.0 (7401573)|VARIABLE_SCOPE_BEGIN|[6]|s1|String|false|false
01:39:32.0 (7408219)|VARIABLE_ASSIGNMENT|[6]|s1|"Test 3"
01:39:32.0 (7411689)|STATEMENT_EXECUTE|[7]
01:39:32.0 (7415289)|HEAP_ALLOCATE|[EXTERNAL]|Bytes:4
01:39:32.0 (7419110)|STATEMENT_EXECUTE|[8]
01:39:32.0 (7420894)|HEAP_ALLOCATE|[8]|Bytes:6
01:39:32.0 (7425710)|USER_DEBUG|[8]|DEBUG|Test 3
01:39:32.0 (7430060)|HEAP_ALLOCATE|[5]|Bytes:4
01:39:32.0 (7434108)|VARIABLE_ASSIGNMENT|[5]|i|4
01:39:32.0 (7438135)|STATEMENT_EXECUTE|[5]
01:39:32.0 (7439288)|STATEMENT_EXECUTE|[6]
01:39:32.0 (7446435)|HEAP_ALLOCATE|[6]|Bytes:1
01:39:32.0 (7453529)|HEAP_ALLOCATE|[6]|Bytes:6
01:39:32.0 (7456877)|VARIABLE_SCOPE_BEGIN|[6]|s1|String|false|false
01:39:32.0 (7463052)|VARIABLE_ASSIGNMENT|[6]|s1|"Test 4"
01:39:32.0 (7466306)|STATEMENT_EXECUTE|[7]
01:39:32.0 (7469826)|HEAP_ALLOCATE|[EXTERNAL]|Bytes:4
01:39:32.0 (7473600)|STATEMENT_EXECUTE|[8]
01:39:32.0 (7475250)|HEAP_ALLOCATE|[8]|Bytes:6
01:39:32.0 (7479854)|USER_DEBUG|[8]|DEBUG|Test 4
01:39:32.0 (7484325)|HEAP_ALLOCATE|[5]|Bytes:4
01:39:32.0 (7487884)|VARIABLE_ASSIGNMENT|[5]|i|5
01:39:32.0 (7492384)|STATEMENT_EXECUTE|[10]
01:39:32.0 (7515483)|USER_DEBUG|[10]|DEBUG|(Test 0, Test 1, Test 2, Test 3, Test 4)
01:39:32.0 (7522757)|STATEMENT_EXECUTE|[11]
01:39:32.0 (7527788)|METHOD_EXIT|[1]|01p7F000009200H|StringArrayTest.generateStringArray(Integer)
01:39:32.0 (7537124)|SYSTEM_MODE_EXIT|false
01:39:32.7 (7565328)|CUMULATIVE_LIMIT_USAGE
01:39:32.7 (7565328)|LIMIT_USAGE_FOR_NS|(default)|
  Number of SOQL queries: 0 out of 100
  Number of query rows: 0 out of 50000
  Number of SOSL queries: 0 out of 20
  Number of DML statements: 0 out of 150
  Number of DML rows: 0 out of 10000
  Maximum CPU time: 0 out of 10000
  Maximum heap size: 0 out of 6000000
  Number of callouts: 0 out of 100
  Number of Email Invocations: 0 out of 10
  Number of future calls: 0 out of 50
  Number of queueable jobs added to the queue: 0 out of 50
  Number of Mobile Apex push calls: 0 out of 10

01:39:32.7 (7565328)|CUMULATIVE_LIMIT_USAGE_END

01:39:32.0 (7600882)|CODE_UNIT_FINISHED|execute_anonymous_apex
01:39:32.0 (8680634)|EXECUTION_FINISHED
