40.0 APEX_CODE,FINEST;APEX_PROFILING,INFO;CALLOUT,INFO;DB,INFO;SYSTEM,DEBUG;VALIDATION,INFO;VISUALFORCE,INFO;WAVE,INFO;WORKFLOW,INFO
Execute Anonymous: //EmailMissionSpecialist.sendMail('abc@gmail.com','123','body');
Execute Anonymous: EmailMissionSpecialist em = new EmailMissionSpecialist();
Execute Anonymous: em.sendMail('testingemail@gmail.com', 'Flight Path Change','Mission Control 123: Your flight path has been changed to avoid collision '+ 'with asteroid 2014 QO441.');
00:34:17.1 (1077116)|USER_INFO|[EXTERNAL]|0057F000000jFC7|tran.binh@mulodo.com|Pacific Standard Time|GMT-07:00
00:34:17.1 (1099355)|EXECUTION_STARTED
00:34:17.1 (1103628)|CODE_UNIT_STARTED|[EXTERNAL]|execute_anonymous_apex
00:34:17.1 (2462582)|VARIABLE_SCOPE_BEGIN|[2]|em|EmailMissionSpecialist|true|false
00:34:17.1 (2587262)|HEAP_ALLOCATE|[72]|Bytes:3
00:34:17.1 (2624149)|HEAP_ALLOCATE|[77]|Bytes:152
00:34:17.1 (2639411)|HEAP_ALLOCATE|[342]|Bytes:408
00:34:17.1 (2655907)|HEAP_ALLOCATE|[355]|Bytes:408
00:34:17.1 (2670625)|HEAP_ALLOCATE|[467]|Bytes:48
00:34:17.1 (2697875)|HEAP_ALLOCATE|[139]|Bytes:6
00:34:17.1 (2714452)|HEAP_ALLOCATE|[EXTERNAL]|Bytes:3
00:34:17.1 (2744971)|STATEMENT_EXECUTE|[1]
00:34:17.1 (2747693)|STATEMENT_EXECUTE|[2]
00:34:17.1 (2751087)|HEAP_ALLOCATE|[2]|Bytes:4
00:34:17.1 (2755614)|HEAP_ALLOCATE|[2]|Bytes:5
00:34:17.1 (2781183)|METHOD_ENTRY|[1]|01p7F0000091X2E|EmailMissionSpecialist.EmailMissionSpecialist()
00:34:17.1 (2811455)|STATEMENT_EXECUTE|[1]
00:34:17.1 (2816802)|STATEMENT_EXECUTE|[1]
00:34:17.1 (2822475)|METHOD_EXIT|[1]|EmailMissionSpecialist
00:34:17.1 (2840473)|HEAP_ALLOCATE|[2]|Bytes:4
00:34:17.1 (2874015)|HEAP_ALLOCATE|[50]|Bytes:5
00:34:17.1 (2895707)|HEAP_ALLOCATE|[56]|Bytes:5
00:34:17.1 (2902994)|HEAP_ALLOCATE|[64]|Bytes:7
00:34:17.1 (2919528)|SYSTEM_MODE_ENTER|false
00:34:17.1 (2937823)|HEAP_ALLOCATE|[2]|Bytes:5
00:34:17.1 (2949868)|CONSTRUCTOR_ENTRY|[2]|01p7F0000091X2E|<init>()
00:34:17.1 (2972552)|VARIABLE_SCOPE_BEGIN|[1]|this|EmailMissionSpecialist|true|false
00:34:17.1 (3010878)|VARIABLE_ASSIGNMENT|[1]|this|{}|0x27008464
00:34:17.1 (3021076)|HEAP_ALLOCATE|[EXTERNAL]|Bytes:6
00:34:17.1 (3040941)|STATEMENT_EXECUTE|[1]
00:34:17.1 (3045507)|CONSTRUCTOR_EXIT|[2]|01p7F0000091X2E|<init>()
00:34:17.1 (3055141)|SYSTEM_MODE_EXIT|false
00:34:17.1 (3072917)|VARIABLE_ASSIGNMENT|[2]|em|{}|0x27008464
00:34:17.1 (3078625)|STATEMENT_EXECUTE|[3]
00:34:17.1 (3083384)|HEAP_ALLOCATE|[3]|Bytes:22
00:34:17.1 (3087040)|HEAP_ALLOCATE|[3]|Bytes:18
00:34:17.1 (3089825)|HEAP_ALLOCATE|[3]|Bytes:99
00:34:17.1 (3109203)|SYSTEM_MODE_ENTER|false
00:34:17.1 (3117098)|HEAP_ALLOCATE|[3]|Bytes:5
00:34:17.1 (3148229)|METHOD_ENTRY|[3]|01p7F0000091X2E|EmailMissionSpecialist.sendMail(String, String, String)
00:34:17.1 (3171374)|VARIABLE_SCOPE_BEGIN|[3]|this|EmailMissionSpecialist|true|false
00:34:17.1 (3184978)|VARIABLE_ASSIGNMENT|[3]|this|{}|0x27008464
00:34:17.1 (3191827)|VARIABLE_SCOPE_BEGIN|[3]|address|String|false|false
00:34:17.1 (3205140)|VARIABLE_ASSIGNMENT|[3]|address|"testingemail@gmail.c (2 more) ..."
00:34:17.1 (3209204)|VARIABLE_SCOPE_BEGIN|[3]|subject|String|false|false
00:34:17.1 (3215326)|VARIABLE_ASSIGNMENT|[3]|subject|"Flight Path Change"
00:34:17.1 (3218790)|VARIABLE_SCOPE_BEGIN|[3]|body|String|false|false
00:34:17.1 (3225778)|VARIABLE_ASSIGNMENT|[3]|body|"Mission Control 123: (79 more) ..."
00:34:17.1 (3234687)|STATEMENT_EXECUTE|[3]
00:34:17.1 (3605083)|HEAP_ALLOCATE|[5]|Bytes:5
00:34:17.1 (18809437)|HEAP_DUMP|[5]|07n7F000000PHBa|EmailMissionSpecialist|none|5
00:34:17.1 (18823489)|STATEMENT_EXECUTE|[5]
00:34:17.1 (18892802)|VARIABLE_SCOPE_BEGIN|[5]|mail|Messaging.SingleEmailMessage|true|false
00:34:17.1 (19024894)|VARIABLE_ASSIGNMENT|[5]|mail|"common.api.soap.wsdl.SingleEmailMessage@10b27208"|0x3cd8bdb3
00:34:17.1 (19037147)|STATEMENT_EXECUTE|[6]
00:34:17.1 (19075845)|HEAP_ALLOCATE|[6]|Bytes:4
00:34:17.1 (19150290)|VARIABLE_SCOPE_BEGIN|[6]|toAddresses|List<String>|true|false
00:34:17.1 (19187240)|HEAP_ALLOCATE|[EXTERNAL]|Bytes:8
00:34:17.1 (19202242)|VARIABLE_ASSIGNMENT|[6]|toAddresses|["testingemail@gmail.c (2 more) ..."]|0x1bbb7359
00:34:17.1 (19209479)|STATEMENT_EXECUTE|[7]
00:34:17.1 (19246005)|STATEMENT_EXECUTE|[8]
00:34:17.1 (19288843)|STATEMENT_EXECUTE|[9]
00:34:17.1 (19301166)|STATEMENT_EXECUTE|[12]
00:34:17.1 (19323086)|HEAP_ALLOCATE|[13]|Bytes:4
00:34:17.1 (19407408)|HEAP_ALLOCATE|[EXTERNAL]|Bytes:8
00:34:17.1 (19456047)|HEAP_ALLOCATE|[EXTERNAL]|Bytes:8
00:34:17.1 (42840967)|EMAIL_QUEUE|[12]|subject: Flight Path Change, bccSender: false, saveAsActivity: true, useSignature: true, toAddresses: [testingemail@gmail.com], plainTextBody: Mission Control 123: Your flight path has been changed to avoid collision with asteroid 2014 QO441., 
00:34:17.1 (42936856)|HEAP_ALLOCATE|[EXTERNAL]|Bytes:8
00:34:17.1 (42981386)|HEAP_ALLOCATE|[12]|Bytes:8
00:34:17.1 (43013077)|VARIABLE_SCOPE_BEGIN|[12]|results|List<Messaging.SendEmailResult>|true|false
00:34:17.1 (43117116)|VARIABLE_ASSIGNMENT|[12]|results|"common.apex.runtime.impl.ScalarList@26ebd1e7"|0x7424ddf0
00:34:17.1 (43131879)|STATEMENT_EXECUTE|[16]
00:34:17.1 (43162383)|METHOD_ENTRY|[16]|01p7F0000091X2E|EmailMissionSpecialist.inspectResults(List<Messaging.SendEmailResult>)
00:34:17.1 (43193537)|VARIABLE_SCOPE_BEGIN|[20]|results|List<Messaging.SendEmailResult>|true|false
00:34:17.1 (43251999)|VARIABLE_ASSIGNMENT|[20]|results|"common.apex.runtime.impl.ScalarList@26ebd1e7"|0x7424ddf0
00:34:17.1 (43264855)|STATEMENT_EXECUTE|[20]
00:34:17.1 (43266587)|STATEMENT_EXECUTE|[21]
00:34:17.1 (43273671)|VARIABLE_SCOPE_BEGIN|[21]|sendResult|Boolean|false|false
00:34:17.1 (43288723)|HEAP_ALLOCATE|[21]|Bytes:5
00:34:17.1 (43296324)|VARIABLE_ASSIGNMENT|[21]|sendResult|true
00:34:17.1 (43475059)|HEAP_ALLOCATE|[26]|Bytes:5
00:34:17.1 (43590074)|HEAP_ALLOCATE|[26]|Bytes:4
00:34:17.1 (43618945)|VARIABLE_SCOPE_BEGIN|[26]|res|Messaging.SendEmailResult|true|false
00:34:17.1 (43679297)|VARIABLE_ASSIGNMENT|[26]|res|"common.api.soap.wsdl.SendEmailResult@26ebd1c8"|0x2152f2f0
00:34:17.1 (43690802)|STATEMENT_EXECUTE|[26]
00:34:17.1 (43723407)|STATEMENT_EXECUTE|[27]
00:34:17.1 (43725241)|STATEMENT_EXECUTE|[28]
00:34:17.1 (43731443)|HEAP_ALLOCATE|[28]|Bytes:23
00:34:17.1 (43775404)|USER_DEBUG|[28]|DEBUG|Email sent successfully
00:34:17.1 (43793086)|HEAP_ALLOCATE|[26]|Bytes:5
00:34:17.1 (43805957)|VARIABLE_ASSIGNMENT|[26]|res|null|
00:34:17.1 (43813150)|STATEMENT_EXECUTE|[35]
00:34:17.1 (43818813)|METHOD_EXIT|[16]|01p7F0000091X2E|EmailMissionSpecialist.inspectResults(List<Messaging.SendEmailResult>)
00:34:17.1 (43829178)|METHOD_EXIT|[3]|01p7F0000091X2E|EmailMissionSpecialist.sendMail(String, String, String)
00:34:17.1 (43841113)|SYSTEM_MODE_EXIT|false
00:34:17.55 (55927452)|CUMULATIVE_LIMIT_USAGE
00:34:17.55 (55927452)|LIMIT_USAGE_FOR_NS|(default)|
  Number of SOQL queries: 0 out of 100
  Number of query rows: 0 out of 50000
  Number of SOSL queries: 0 out of 20
  Number of DML statements: 0 out of 150
  Number of DML rows: 0 out of 10000
  Maximum CPU time: 0 out of 10000
  Maximum heap size: 0 out of 6000000
  Number of callouts: 0 out of 100
  Number of Email Invocations: 1 out of 10
  Number of future calls: 0 out of 50
  Number of queueable jobs added to the queue: 0 out of 50
  Number of Mobile Apex push calls: 0 out of 10

00:34:17.55 (55927452)|CUMULATIVE_LIMIT_USAGE_END

00:34:17.1 (55969535)|CODE_UNIT_FINISHED|execute_anonymous_apex
00:34:17.1 (56781514)|EXECUTION_FINISHED
