40.0 APEX_CODE,FINEST;APEX_PROFILING,INFO;CALLOUT,INFO;DB,INFO;SYSTEM,DEBUG;VALIDATION,INFO;VISUALFORCE,INFO;WAVE,INFO;WORKFLOW,INFO
18:58:29.0 (359006)|USER_INFO|[EXTERNAL]|0057F000000jFC7|tran.binh@mulodo.com|Pacific Standard Time|GMT-07:00
18:58:29.0 (398469)|EXECUTION_STARTED
18:58:29.0 (403143)|CODE_UNIT_STARTED|[EXTERNAL]|0667F000003kYXP|VF: /apex/Candidate
18:58:29.0 (7920870)|SYSTEM_MODE_ENTER|true
18:58:29.0 (8362871)|HEAP_ALLOCATE|[72]|Bytes:3
18:58:29.0 (8404926)|HEAP_ALLOCATE|[77]|Bytes:152
18:58:29.0 (8420215)|HEAP_ALLOCATE|[342]|Bytes:408
18:58:29.0 (8434987)|HEAP_ALLOCATE|[355]|Bytes:408
18:58:29.0 (8448817)|HEAP_ALLOCATE|[467]|Bytes:48
18:58:29.0 (8478081)|HEAP_ALLOCATE|[139]|Bytes:6
18:58:29.0 (8493149)|HEAP_ALLOCATE|[EXTERNAL]|Bytes:140
18:58:29.0 (8498390)|HEAP_ALLOCATE|[EXTERNAL]|Bytes:30
18:58:29.0 (8507311)|METHOD_ENTRY|[1]|01p7F0000093zPc|CandidatePagination.CandidatePagination()
18:58:29.0 (8515927)|STATEMENT_EXECUTE|[1]
18:58:29.0 (8521518)|STATEMENT_EXECUTE|[1]
18:58:29.0 (8554194)|HEAP_ALLOCATE|[50]|Bytes:5
18:58:29.0 (8576683)|HEAP_ALLOCATE|[56]|Bytes:5
18:58:29.0 (8584233)|HEAP_ALLOCATE|[64]|Bytes:7
18:58:29.0 (8598927)|SYSTEM_MODE_ENTER|false
18:58:29.0 (8611071)|HEAP_ALLOCATE|[EXTERNAL]|Bytes:5
18:58:29.0 (8617935)|SYSTEM_MODE_EXIT|false
18:58:29.0 (8625173)|METHOD_EXIT|[1]|CandidatePagination
18:58:29.0 (8749846)|HEAP_ALLOCATE|[EXTERNAL]|Bytes:24
18:58:29.0 (8760233)|VARIABLE_SCOPE_BEGIN|[22]|this|CandidatePagination|true|false
18:58:29.0 (8818901)|VARIABLE_ASSIGNMENT|[22]|this|{}|0xa10edaf
18:58:29.0 (8831811)|SYSTEM_MODE_ENTER|false
18:58:29.0 (8838077)|HEAP_ALLOCATE|[3]|Bytes:5
18:58:29.0 (8843000)|STATEMENT_EXECUTE|[1]
18:58:29.0 (8845408)|HEAP_ALLOCATE|[3]|Bytes:5
18:58:29.0 (8848059)|STATEMENT_EXECUTE|[3]
18:58:29.0 (8852466)|HEAP_ALLOCATE|[3]|Bytes:4
18:58:29.0 (8865669)|VARIABLE_ASSIGNMENT|[3]|this.LIST_SIZE_PAGE|5|0xa10edaf
18:58:29.0 (8870684)|STATEMENT_EXECUTE|[4]
18:58:29.0 (8871880)|STATEMENT_EXECUTE|[5]
18:58:29.0 (8872965)|STATEMENT_EXECUTE|[7]
18:58:29.0 (8874030)|STATEMENT_EXECUTE|[8]
18:58:29.0 (8881736)|HEAP_ALLOCATE|[3]|Bytes:6
18:58:29.0 (8902256)|STATEMENT_EXECUTE|[22]
18:58:29.0 (8904092)|STATEMENT_EXECUTE|[23]
18:58:29.0 (8906460)|HEAP_ALLOCATE|[23]|Bytes:32
18:58:29.0 (8917236)|HEAP_ALLOCATE|[23]|Bytes:4
18:58:29.0 (10465213)|SOQL_EXECUTE_BEGIN|[23]|Aggregations:0|SELECT COUNT() FROM Candidate__c
18:58:29.0 (13207943)|SOQL_EXECUTE_END|[23]|Rows:13
18:58:29.0 (13224631)|HEAP_ALLOCATE|[23]|Bytes:4
18:58:29.0 (13243798)|HEAP_ALLOCATE|[23]|Bytes:4
18:58:29.0 (13261587)|VARIABLE_ASSIGNMENT|[23]|this.totalSize|13|0xa10edaf
18:58:29.0 (13268704)|STATEMENT_EXECUTE|[24]
18:58:29.0 (13271385)|HEAP_ALLOCATE|[24]|Bytes:4
18:58:29.0 (13277162)|VARIABLE_ASSIGNMENT|[24]|this.count|0|0xa10edaf
18:58:29.0 (13281832)|STATEMENT_EXECUTE|[25]
18:58:29.0 (13347915)|VARIABLE_ASSIGNMENT|[EXTERNAL]|this|{"count":0,"LIST_SIZE_PAGE":5,"totalSize":13}|0xa10edaf
18:58:29.0 (13357856)|VARIABLE_ASSIGNMENT|[EXTERNAL]|value|5
18:58:29.0 (13366769)|VARIABLE_ASSIGNMENT|[7]|this.customListSize|5|0xa10edaf
18:58:29.0 (13379203)|SYSTEM_MODE_EXIT|false
18:58:29.0 (13642188)|SYSTEM_MODE_ENTER|true
18:58:29.0 (13679555)|HEAP_ALLOCATE|[EXTERNAL]|Bytes:24
18:58:29.0 (13705771)|VARIABLE_ASSIGNMENT|[EXTERNAL]|this|{"count":0,"customListSize":5,"LIST_SIZE_PAGE":5,"totalSize":13}|0xa10edaf
18:58:29.0 (13717746)|SYSTEM_MODE_ENTER|false
18:58:29.0 (13724163)|HEAP_ALLOCATE|[11]|Bytes:5
18:58:29.0 (13729408)|STATEMENT_EXECUTE|[9]
18:58:29.0 (13764031)|VARIABLE_ASSIGNMENT|[EXTERNAL]|this|{"count":0,"customListSize":5,"LIST_SIZE_PAGE":5,"totalSize":13}|0xa10edaf
18:58:29.0 (13808505)|VARIABLE_SCOPE_BEGIN|[2]|Math.E|Double|false|true
18:58:29.0 (13816334)|VARIABLE_SCOPE_BEGIN|[3]|Math.PI|Double|false|true
18:58:29.0 (13829491)|HEAP_ALLOCATE|[11]|Bytes:206
18:58:29.0 (13838852)|SYSTEM_METHOD_ENTRY|[1]|Math.Math()
18:58:29.0 (13843086)|STATEMENT_EXECUTE|[1]
18:58:29.0 (13908146)|SYSTEM_METHOD_EXIT|[1]|Math
18:58:29.0 (13922262)|METHOD_ENTRY|[11]||System.Math.mod(Integer, Integer)
18:58:29.0 (13979045)|METHOD_EXIT|[11]||System.Math.mod(Integer, Integer)
18:58:29.0 (13986530)|STATEMENT_EXECUTE|[11]
18:58:29.0 (13988467)|STATEMENT_EXECUTE|[14]
18:58:29.0 (13991197)|HEAP_ALLOCATE|[14]|Bytes:154
18:58:29.0 (13997539)|HEAP_ALLOCATE|[14]|Bytes:4
18:58:29.0 (14003475)|HEAP_ALLOCATE|[14]|Bytes:7
18:58:29.0 (14035080)|VARIABLE_ASSIGNMENT|[EXTERNAL]|this|{"count":0,"customListSize":5,"LIST_SIZE_PAGE":5,"totalSize":13}|0xa10edaf
18:58:29.0 (14067449)|HEAP_ALLOCATE|[14]|Bytes:7
18:58:29.0 (14315087)|SOQL_EXECUTE_BEGIN|[14]|Aggregations:0|SELECT Name, First_Name__c, Last_Name__c, City__c, State_Province__c, Phone__c FROM Candidate__c ORDER BY Id ASC NULLS LAST LIMIT :tmpVar1 OFFSET :tmpVar2
18:58:29.0 (16112995)|SOQL_EXECUTE_END|[14]|Rows:5
18:58:29.0 (16132300)|HEAP_ALLOCATE|[14]|Bytes:24
18:58:29.0 (16167834)|HEAP_ALLOCATE|[14]|Bytes:812
18:58:29.0 (16197432)|HEAP_ALLOCATE|[14]|Bytes:24
18:58:29.0 (16209372)|SYSTEM_MODE_EXIT|false
18:58:29.0 (16529622)|SYSTEM_MODE_ENTER|true
18:58:29.0 (16562816)|HEAP_ALLOCATE|[EXTERNAL]|Bytes:24
18:58:29.0 (16571378)|VARIABLE_SCOPE_BEGIN|[67]|this|CandidatePagination|true|false
18:58:29.0 (16598365)|VARIABLE_ASSIGNMENT|[67]|this|{"count":0,"customListSize":5,"LIST_SIZE_PAGE":5,"totalSize":13}|0xa10edaf
18:58:29.0 (16610513)|SYSTEM_MODE_ENTER|false
18:58:29.0 (16616676)|HEAP_ALLOCATE|[68]|Bytes:5
18:58:29.0 (16622489)|STATEMENT_EXECUTE|[67]
18:58:29.0 (16624149)|STATEMENT_EXECUTE|[68]
18:58:29.0 (16656132)|VARIABLE_ASSIGNMENT|[EXTERNAL]|this|{"count":0,"customListSize":5,"LIST_SIZE_PAGE":5,"totalSize":13}|0xa10edaf
18:58:29.0 (16671042)|HEAP_ALLOCATE|[68]|Bytes:4
18:58:29.0 (16675931)|SYSTEM_MODE_EXIT|false
18:58:29.0 (16680068)|HEAP_ALLOCATE|[68]|Bytes:4
18:58:29.0 (16760192)|SYSTEM_MODE_ENTER|true
18:58:29.0 (16785219)|HEAP_ALLOCATE|[EXTERNAL]|Bytes:24
18:58:29.0 (16792731)|VARIABLE_SCOPE_BEGIN|[72]|this|CandidatePagination|true|false
18:58:29.0 (16814250)|VARIABLE_ASSIGNMENT|[72]|this|{"count":0,"customListSize":5,"LIST_SIZE_PAGE":5,"totalSize":13}|0xa10edaf
18:58:29.0 (16824941)|SYSTEM_MODE_ENTER|false
18:58:29.0 (16830547)|HEAP_ALLOCATE|[73]|Bytes:5
18:58:29.0 (16835224)|STATEMENT_EXECUTE|[72]
18:58:29.0 (16837026)|STATEMENT_EXECUTE|[73]
18:58:29.0 (16864625)|VARIABLE_ASSIGNMENT|[EXTERNAL]|this|{"count":0,"customListSize":5,"LIST_SIZE_PAGE":5,"totalSize":13}|0xa10edaf
18:58:29.0 (16875964)|HEAP_ALLOCATE|[73]|Bytes:4
18:58:29.0 (16880273)|SYSTEM_MODE_EXIT|false
18:58:29.0 (16884009)|HEAP_ALLOCATE|[73]|Bytes:4
18:58:29.0 (29494833)|SYSTEM_MODE_ENTER|true
18:58:29.0 (38547990)|SYSTEM_MODE_ENTER|true
18:58:29.0 (38585779)|HEAP_ALLOCATE|[EXTERNAL]|Bytes:24
18:58:29.0 (38596302)|VARIABLE_SCOPE_BEGIN|[54]|this|CandidatePagination|true|false
18:58:29.0 (38625800)|VARIABLE_ASSIGNMENT|[54]|this|{"count":0,"customListSize":5,"LIST_SIZE_PAGE":5,"totalSize":13}|0xa10edaf
18:58:29.0 (38639453)|SYSTEM_MODE_ENTER|false
18:58:29.0 (38646790)|HEAP_ALLOCATE|[55]|Bytes:5
18:58:29.0 (38653352)|STATEMENT_EXECUTE|[54]
18:58:29.0 (38655142)|STATEMENT_EXECUTE|[55]
18:58:29.0 (38663211)|HEAP_ALLOCATE|[55]|Bytes:5
18:58:29.0 (38667519)|SYSTEM_MODE_EXIT|false
18:58:29.0 (38672664)|HEAP_ALLOCATE|[55]|Bytes:5
18:58:29.0 (38928892)|SYSTEM_MODE_ENTER|true
18:58:29.0 (38958422)|HEAP_ALLOCATE|[EXTERNAL]|Bytes:24
18:58:29.0 (38966312)|VARIABLE_SCOPE_BEGIN|[59]|this|CandidatePagination|true|false
18:58:29.0 (38990124)|VARIABLE_ASSIGNMENT|[59]|this|{"count":0,"customListSize":5,"LIST_SIZE_PAGE":5,"totalSize":13}|0xa10edaf
18:58:29.0 (39001725)|SYSTEM_MODE_ENTER|false
18:58:29.0 (39007961)|HEAP_ALLOCATE|[60]|Bytes:5
18:58:29.0 (39013296)|STATEMENT_EXECUTE|[59]
18:58:29.0 (39047094)|VARIABLE_ASSIGNMENT|[EXTERNAL]|this|{"count":0,"customListSize":5,"LIST_SIZE_PAGE":5,"totalSize":13}|0xa10edaf
18:58:29.0 (39062948)|STATEMENT_EXECUTE|[60]
18:58:29.0 (39064566)|STATEMENT_EXECUTE|[61]
18:58:29.0 (39067821)|HEAP_ALLOCATE|[61]|Bytes:5
18:58:29.0 (39072909)|SYSTEM_MODE_EXIT|false
18:58:29.0 (39077007)|HEAP_ALLOCATE|[61]|Bytes:5
18:58:29.0 (40282701)|VF_SERIALIZE_VIEWSTATE_BEGIN|0667F000003kYXP
18:58:29.0 (68765046)|VF_SERIALIZE_VIEWSTATE_END
18:58:29.0 (70961519)|CODE_UNIT_STARTED|[EXTERNAL]|Generate Metadata
18:58:29.0 (71403456)|CODE_UNIT_FINISHED|Generate Metadata
18:58:29.73 (73590035)|CUMULATIVE_LIMIT_USAGE
18:58:29.73 (73590035)|LIMIT_USAGE_FOR_NS|(default)|
  Number of SOQL queries: 2 out of 100
  Number of query rows: 18 out of 50000
  Number of SOSL queries: 0 out of 20
  Number of DML statements: 0 out of 150
  Number of DML rows: 0 out of 10000
  Maximum CPU time: 0 out of 10000
  Maximum heap size: 0 out of 6000000
  Number of callouts: 0 out of 100
  Number of Email Invocations: 0 out of 10
  Number of future calls: 0 out of 50
  Number of queueable jobs added to the queue: 0 out of 50
  Number of Mobile Apex push calls: 0 out of 10

18:58:29.73 (73590035)|CUMULATIVE_LIMIT_USAGE_END

18:58:29.0 (73631861)|CODE_UNIT_FINISHED|VF: /apex/Candidate
18:58:29.0 (74482075)|EXECUTION_FINISHED
