30.0 APEX_CODE,FINEST;APEX_PROFILING,INFO;CALLOUT,INFO;DB,INFO;SYSTEM,DEBUG;VALIDATION,INFO;VISUALFORCE,INFO;WAVE,INFO;WORKFLOW,INFO
Execute Anonymous: List<String> strings = StringArrayTest.generateStringArray(10); System.assertEquals(strings.size(),10); System.assertEquals(strings[0],'Test 0');
01:39:48.1 (1085174)|USER_INFO|[EXTERNAL]|0057F000000jFC7|tran.binh@mulodo.com|Pacific Standard Time|GMT-07:00
01:39:48.1 (1107373)|EXECUTION_STARTED
01:39:48.1 (1110994)|CODE_UNIT_STARTED|[EXTERNAL]|execute_anonymous_apex
01:39:48.1 (1270166)|VARIABLE_SCOPE_BEGIN|[1]|strings|List<String>|true|false
01:39:48.1 (1394989)|HEAP_ALLOCATE|[72]|Bytes:3
01:39:48.1 (1437763)|HEAP_ALLOCATE|[77]|Bytes:152
01:39:48.1 (1454082)|HEAP_ALLOCATE|[342]|Bytes:408
01:39:48.1 (1469844)|HEAP_ALLOCATE|[355]|Bytes:408
01:39:48.1 (1483432)|HEAP_ALLOCATE|[467]|Bytes:48
01:39:48.1 (1512998)|HEAP_ALLOCATE|[139]|Bytes:6
01:39:48.1 (1528762)|HEAP_ALLOCATE|[EXTERNAL]|Bytes:1
01:39:48.1 (1643875)|STATEMENT_EXECUTE|[1]
01:39:48.1 (1646294)|STATEMENT_EXECUTE|[1]
01:39:48.1 (1696319)|HEAP_ALLOCATE|[50]|Bytes:5
01:39:48.1 (1720134)|HEAP_ALLOCATE|[56]|Bytes:5
01:39:48.1 (1727351)|HEAP_ALLOCATE|[64]|Bytes:7
01:39:48.1 (1746135)|SYSTEM_MODE_ENTER|false
01:39:48.1 (1764367)|HEAP_ALLOCATE|[1]|Bytes:5
01:39:48.1 (2887784)|HEAP_ALLOCATE|[1]|Bytes:1
01:39:48.1 (2897425)|HEAP_ALLOCATE|[1]|Bytes:4
01:39:48.1 (2909775)|METHOD_ENTRY|[1]|01p7F000009200H|StringArrayTest.StringArrayTest()
01:39:48.1 (2917026)|STATEMENT_EXECUTE|[1]
01:39:48.1 (2922377)|STATEMENT_EXECUTE|[1]
01:39:48.1 (2926755)|METHOD_EXIT|[1]|StringArrayTest
01:39:48.1 (2950788)|METHOD_ENTRY|[1]|01p7F000009200H|StringArrayTest.generateStringArray(Integer)
01:39:48.1 (2973070)|VARIABLE_SCOPE_BEGIN|[2]|n|Integer|false|false
01:39:48.1 (2993206)|VARIABLE_ASSIGNMENT|[2]|n|10
01:39:48.1 (3002953)|STATEMENT_EXECUTE|[2]
01:39:48.1 (3004738)|STATEMENT_EXECUTE|[4]
01:39:48.1 (3011155)|HEAP_ALLOCATE|[4]|Bytes:4
01:39:48.1 (3051979)|VARIABLE_SCOPE_BEGIN|[4]|mylist|List<String>|true|false
01:39:48.1 (3088351)|HEAP_ALLOCATE|[EXTERNAL]|Bytes:4
01:39:48.1 (3100927)|VARIABLE_ASSIGNMENT|[4]|mylist|[]|0x6de0a32
01:39:48.1 (3107751)|STATEMENT_EXECUTE|[5]
01:39:48.1 (3110649)|VARIABLE_SCOPE_BEGIN|[5]|i|Integer|false|false
01:39:48.1 (3117148)|HEAP_ALLOCATE|[5]|Bytes:4
01:39:48.1 (3121789)|VARIABLE_ASSIGNMENT|[5]|i|0
01:39:48.1 (3128687)|STATEMENT_EXECUTE|[5]
01:39:48.1 (3129894)|STATEMENT_EXECUTE|[6]
01:39:48.1 (3132521)|HEAP_ALLOCATE|[6]|Bytes:5
01:39:48.1 (3186276)|HEAP_ALLOCATE|[6]|Bytes:1
01:39:48.1 (3217273)|HEAP_ALLOCATE|[6]|Bytes:6
01:39:48.1 (3222850)|VARIABLE_SCOPE_BEGIN|[6]|s1|String|false|false
01:39:48.1 (3232470)|VARIABLE_ASSIGNMENT|[6]|s1|"Test 0"
01:39:48.1 (3237339)|STATEMENT_EXECUTE|[7]
01:39:48.1 (3269404)|HEAP_ALLOCATE|[EXTERNAL]|Bytes:4
01:39:48.1 (3277796)|STATEMENT_EXECUTE|[8]
01:39:48.1 (3283890)|HEAP_ALLOCATE|[8]|Bytes:6
01:39:48.1 (3318477)|USER_DEBUG|[8]|DEBUG|Test 0
01:39:48.1 (3327481)|HEAP_ALLOCATE|[5]|Bytes:4
01:39:48.1 (3333214)|VARIABLE_ASSIGNMENT|[5]|i|1
01:39:48.1 (3339516)|STATEMENT_EXECUTE|[5]
01:39:48.1 (3340704)|STATEMENT_EXECUTE|[6]
01:39:48.1 (3351607)|HEAP_ALLOCATE|[6]|Bytes:1
01:39:48.1 (3360149)|HEAP_ALLOCATE|[6]|Bytes:6
01:39:48.1 (3364162)|VARIABLE_SCOPE_BEGIN|[6]|s1|String|false|false
01:39:48.1 (3371876)|VARIABLE_ASSIGNMENT|[6]|s1|"Test 1"
01:39:48.1 (3375399)|STATEMENT_EXECUTE|[7]
01:39:48.1 (3379829)|HEAP_ALLOCATE|[EXTERNAL]|Bytes:4
01:39:48.1 (3384328)|STATEMENT_EXECUTE|[8]
01:39:48.1 (3386735)|HEAP_ALLOCATE|[8]|Bytes:6
01:39:48.1 (3392456)|USER_DEBUG|[8]|DEBUG|Test 1
01:39:48.1 (3397428)|HEAP_ALLOCATE|[5]|Bytes:4
01:39:48.1 (3401649)|VARIABLE_ASSIGNMENT|[5]|i|2
01:39:48.1 (3406242)|STATEMENT_EXECUTE|[5]
01:39:48.1 (3407504)|STATEMENT_EXECUTE|[6]
01:39:48.1 (3414973)|HEAP_ALLOCATE|[6]|Bytes:1
01:39:48.1 (3422600)|HEAP_ALLOCATE|[6]|Bytes:6
01:39:48.1 (3425892)|VARIABLE_SCOPE_BEGIN|[6]|s1|String|false|false
01:39:48.1 (3432572)|VARIABLE_ASSIGNMENT|[6]|s1|"Test 2"
01:39:48.1 (3435850)|STATEMENT_EXECUTE|[7]
01:39:48.1 (3439652)|HEAP_ALLOCATE|[EXTERNAL]|Bytes:4
01:39:48.1 (3443637)|STATEMENT_EXECUTE|[8]
01:39:48.1 (3445698)|HEAP_ALLOCATE|[8]|Bytes:6
01:39:48.1 (3451114)|USER_DEBUG|[8]|DEBUG|Test 2
01:39:48.1 (3455808)|HEAP_ALLOCATE|[5]|Bytes:4
01:39:48.1 (3459743)|VARIABLE_ASSIGNMENT|[5]|i|3
01:39:48.1 (3464144)|STATEMENT_EXECUTE|[5]
01:39:48.1 (3465240)|STATEMENT_EXECUTE|[6]
01:39:48.1 (3472331)|HEAP_ALLOCATE|[6]|Bytes:1
01:39:48.1 (3479680)|HEAP_ALLOCATE|[6]|Bytes:6
01:39:48.1 (3482781)|VARIABLE_SCOPE_BEGIN|[6]|s1|String|false|false
01:39:48.1 (3489255)|VARIABLE_ASSIGNMENT|[6]|s1|"Test 3"
01:39:48.1 (3492575)|STATEMENT_EXECUTE|[7]
01:39:48.1 (3495901)|HEAP_ALLOCATE|[EXTERNAL]|Bytes:4
01:39:48.1 (3499923)|STATEMENT_EXECUTE|[8]
01:39:48.1 (3502063)|HEAP_ALLOCATE|[8]|Bytes:6
01:39:48.1 (3506732)|USER_DEBUG|[8]|DEBUG|Test 3
01:39:48.1 (3511467)|HEAP_ALLOCATE|[5]|Bytes:4
01:39:48.1 (3515268)|VARIABLE_ASSIGNMENT|[5]|i|4
01:39:48.1 (3519567)|STATEMENT_EXECUTE|[5]
01:39:48.1 (3520698)|STATEMENT_EXECUTE|[6]
01:39:48.1 (3527566)|HEAP_ALLOCATE|[6]|Bytes:1
01:39:48.1 (3535004)|HEAP_ALLOCATE|[6]|Bytes:6
01:39:48.1 (3538114)|VARIABLE_SCOPE_BEGIN|[6]|s1|String|false|false
01:39:48.1 (3544337)|VARIABLE_ASSIGNMENT|[6]|s1|"Test 4"
01:39:48.1 (3547679)|STATEMENT_EXECUTE|[7]
01:39:48.1 (3550921)|HEAP_ALLOCATE|[EXTERNAL]|Bytes:4
01:39:48.1 (3554755)|STATEMENT_EXECUTE|[8]
01:39:48.1 (3556710)|HEAP_ALLOCATE|[8]|Bytes:6
01:39:48.1 (3561158)|USER_DEBUG|[8]|DEBUG|Test 4
01:39:48.1 (3565346)|HEAP_ALLOCATE|[5]|Bytes:4
01:39:48.1 (3568899)|VARIABLE_ASSIGNMENT|[5]|i|5
01:39:48.1 (3572913)|STATEMENT_EXECUTE|[5]
01:39:48.1 (3574048)|STATEMENT_EXECUTE|[6]
01:39:48.1 (3580840)|HEAP_ALLOCATE|[6]|Bytes:1
01:39:48.1 (3588096)|HEAP_ALLOCATE|[6]|Bytes:6
01:39:48.1 (3591464)|VARIABLE_SCOPE_BEGIN|[6]|s1|String|false|false
01:39:48.1 (3597847)|VARIABLE_ASSIGNMENT|[6]|s1|"Test 5"
01:39:48.1 (3601451)|STATEMENT_EXECUTE|[7]
01:39:48.1 (3604750)|HEAP_ALLOCATE|[EXTERNAL]|Bytes:4
01:39:48.1 (3608504)|STATEMENT_EXECUTE|[8]
01:39:48.1 (3610458)|HEAP_ALLOCATE|[8]|Bytes:6
01:39:48.1 (3615185)|USER_DEBUG|[8]|DEBUG|Test 5
01:39:48.1 (3619622)|HEAP_ALLOCATE|[5]|Bytes:4
01:39:48.1 (3623190)|VARIABLE_ASSIGNMENT|[5]|i|6
01:39:48.1 (3627097)|STATEMENT_EXECUTE|[5]
01:39:48.1 (3628259)|STATEMENT_EXECUTE|[6]
01:39:48.1 (3635026)|HEAP_ALLOCATE|[6]|Bytes:1
01:39:48.1 (3642506)|HEAP_ALLOCATE|[6]|Bytes:6
01:39:48.1 (3645623)|VARIABLE_SCOPE_BEGIN|[6]|s1|String|false|false
01:39:48.1 (3651855)|VARIABLE_ASSIGNMENT|[6]|s1|"Test 6"
01:39:48.1 (3655171)|STATEMENT_EXECUTE|[7]
01:39:48.1 (3658492)|HEAP_ALLOCATE|[EXTERNAL]|Bytes:4
01:39:48.1 (3662235)|STATEMENT_EXECUTE|[8]
01:39:48.1 (3664220)|HEAP_ALLOCATE|[8]|Bytes:6
01:39:48.1 (3668738)|USER_DEBUG|[8]|DEBUG|Test 6
01:39:48.1 (3673284)|HEAP_ALLOCATE|[5]|Bytes:4
01:39:48.1 (3677003)|VARIABLE_ASSIGNMENT|[5]|i|7
01:39:48.1 (3681004)|STATEMENT_EXECUTE|[5]
01:39:48.1 (3682169)|STATEMENT_EXECUTE|[6]
01:39:48.1 (3688948)|HEAP_ALLOCATE|[6]|Bytes:1
01:39:48.1 (3696055)|HEAP_ALLOCATE|[6]|Bytes:6
01:39:48.1 (3699329)|VARIABLE_SCOPE_BEGIN|[6]|s1|String|false|false
01:39:48.1 (3705596)|VARIABLE_ASSIGNMENT|[6]|s1|"Test 7"
01:39:48.1 (3708949)|STATEMENT_EXECUTE|[7]
01:39:48.1 (3712171)|HEAP_ALLOCATE|[EXTERNAL]|Bytes:4
01:39:48.1 (3715923)|STATEMENT_EXECUTE|[8]
01:39:48.1 (3717806)|HEAP_ALLOCATE|[8]|Bytes:6
01:39:48.1 (3722448)|USER_DEBUG|[8]|DEBUG|Test 7
01:39:48.1 (3726786)|HEAP_ALLOCATE|[5]|Bytes:4
01:39:48.1 (3730498)|VARIABLE_ASSIGNMENT|[5]|i|8
01:39:48.1 (3734734)|STATEMENT_EXECUTE|[5]
01:39:48.1 (3735878)|STATEMENT_EXECUTE|[6]
01:39:48.1 (3742674)|HEAP_ALLOCATE|[6]|Bytes:1
01:39:48.1 (3749938)|HEAP_ALLOCATE|[6]|Bytes:6
01:39:48.1 (3753075)|VARIABLE_SCOPE_BEGIN|[6]|s1|String|false|false
01:39:48.1 (3759234)|VARIABLE_ASSIGNMENT|[6]|s1|"Test 8"
01:39:48.1 (3762664)|STATEMENT_EXECUTE|[7]
01:39:48.1 (3765897)|HEAP_ALLOCATE|[EXTERNAL]|Bytes:4
01:39:48.1 (3769712)|STATEMENT_EXECUTE|[8]
01:39:48.1 (3771698)|HEAP_ALLOCATE|[8]|Bytes:6
01:39:48.1 (3776565)|USER_DEBUG|[8]|DEBUG|Test 8
01:39:48.1 (3781117)|HEAP_ALLOCATE|[5]|Bytes:4
01:39:48.1 (3785071)|VARIABLE_ASSIGNMENT|[5]|i|9
01:39:48.1 (3789329)|STATEMENT_EXECUTE|[5]
01:39:48.1 (3790443)|STATEMENT_EXECUTE|[6]
01:39:48.1 (3797456)|HEAP_ALLOCATE|[6]|Bytes:1
01:39:48.1 (3805073)|HEAP_ALLOCATE|[6]|Bytes:6
01:39:48.1 (3808270)|VARIABLE_SCOPE_BEGIN|[6]|s1|String|false|false
01:39:48.1 (3814711)|VARIABLE_ASSIGNMENT|[6]|s1|"Test 9"
01:39:48.1 (3818041)|STATEMENT_EXECUTE|[7]
01:39:48.1 (3821496)|HEAP_ALLOCATE|[EXTERNAL]|Bytes:4
01:39:48.1 (3825310)|STATEMENT_EXECUTE|[8]
01:39:48.1 (3827228)|HEAP_ALLOCATE|[8]|Bytes:6
01:39:48.1 (3831896)|USER_DEBUG|[8]|DEBUG|Test 9
01:39:48.1 (3836180)|HEAP_ALLOCATE|[5]|Bytes:4
01:39:48.1 (3839816)|VARIABLE_ASSIGNMENT|[5]|i|10
01:39:48.1 (3844848)|STATEMENT_EXECUTE|[10]
01:39:48.1 (3869052)|USER_DEBUG|[10]|DEBUG|(Test 0, Test 1, Test 2, Test 3, Test 4, Test 5, Test 6, Test 7, Test 8, Test 9)
01:39:48.1 (3876408)|STATEMENT_EXECUTE|[11]
01:39:48.1 (3881373)|METHOD_EXIT|[1]|01p7F000009200H|StringArrayTest.generateStringArray(Integer)
01:39:48.1 (3891352)|SYSTEM_MODE_EXIT|false
01:39:48.1 (3907763)|VARIABLE_ASSIGNMENT|[1]|strings|"List of size 10 too large to display"|0x6de0a32
01:39:48.1 (3913452)|STATEMENT_EXECUTE|[1]
01:39:48.1 (3942136)|STATEMENT_EXECUTE|[1]
01:39:48.1 (3946699)|HEAP_ALLOCATE|[1]|Bytes:6
01:39:48.1 (3951975)|HEAP_ALLOCATE|[1]|Bytes:6
01:39:48.3 (3982007)|CUMULATIVE_LIMIT_USAGE
01:39:48.3 (3982007)|LIMIT_USAGE_FOR_NS|(default)|
  Number of SOQL queries: 0 out of 100
  Number of query rows: 0 out of 50000
  Number of SOSL queries: 0 out of 20
  Number of DML statements: 0 out of 150
  Number of DML rows: 0 out of 10000
  Maximum CPU time: 0 out of 10000
  Maximum heap size: 0 out of 6000000
  Number of callouts: 0 out of 100
  Number of Email Invocations: 0 out of 10
  Number of future calls: 0 out of 50
  Number of queueable jobs added to the queue: 0 out of 50
  Number of Mobile Apex push calls: 0 out of 10

01:39:48.3 (3982007)|CUMULATIVE_LIMIT_USAGE_END

01:39:48.1 (4012640)|CODE_UNIT_FINISHED|execute_anonymous_apex
01:39:48.1 (4794871)|EXECUTION_FINISHED
