40.0 APEX_CODE,FINEST;APEX_PROFILING,INFO;CALLOUT,INFO;DB,INFO;SYSTEM,DEBUG;VALIDATION,INFO;VISUALFORCE,INFO;WAVE,INFO;WORKFLOW,INFO
19:10:16.0 (318512)|USER_INFO|[EXTERNAL]|0057F000000jFC7|tran.binh@mulodo.com|Pacific Standard Time|GMT-07:00
19:10:16.0 (355591)|EXECUTION_STARTED
19:10:16.0 (360490)|CODE_UNIT_STARTED|[EXTERNAL]|TRIGGERS
19:10:16.0 (388924)|CODE_UNIT_STARTED|[EXTERNAL]|01q7F000000N10S|DoublePosition on Position trigger event BeforeInsert for [new]
19:10:16.0 (424694)|HEAP_ALLOCATE|[EXTERNAL]|Bytes:8
19:10:16.0 (795474)|HEAP_ALLOCATE|[72]|Bytes:3
19:10:16.0 (828288)|HEAP_ALLOCATE|[77]|Bytes:152
19:10:16.0 (842467)|HEAP_ALLOCATE|[342]|Bytes:408
19:10:16.0 (857434)|HEAP_ALLOCATE|[355]|Bytes:408
19:10:16.0 (871337)|HEAP_ALLOCATE|[467]|Bytes:48
19:10:16.0 (902700)|HEAP_ALLOCATE|[139]|Bytes:6
19:10:16.0 (916938)|HEAP_ALLOCATE|[EXTERNAL]|Bytes:1
19:10:16.0 (930134)|HEAP_ALLOCATE|[EXTERNAL]|Bytes:4
19:10:16.0 (940161)|VARIABLE_SCOPE_BEGIN|[1]|this|DoublePosition|true|false
19:10:16.0 (969149)|VARIABLE_ASSIGNMENT|[1]|this|{}|0x69149a7d
19:10:16.0 (1012967)|HEAP_ALLOCATE|[EXTERNAL]|Bytes:4
19:10:16.0 (1035298)|VARIABLE_SCOPE_BEGIN|[1]|this|DoublePosition|true|false
19:10:16.0 (1047646)|VARIABLE_ASSIGNMENT|[1]|this|{}|0x69149a7d
19:10:16.0 (1057142)|STATEMENT_EXECUTE|[1]
19:10:16.0 (1059007)|STATEMENT_EXECUTE|[3]
19:10:16.0 (1068326)|METHOD_ENTRY|[3]|01q7F000000N10S|DoublePosition.checkDoubleName()
19:10:16.0 (1189391)|STATEMENT_EXECUTE|[5]
19:10:16.0 (1191598)|STATEMENT_EXECUTE|[6]
19:10:16.0 (1196680)|VARIABLE_SCOPE_BEGIN|[6]|count|Integer|false|false
19:10:16.0 (1204688)|HEAP_ALLOCATE|[6]|Bytes:4
19:10:16.0 (1212798)|VARIABLE_ASSIGNMENT|[6]|count|0
19:10:16.0 (1216483)|STATEMENT_EXECUTE|[7]
19:10:16.0 (1261856)|HEAP_ALLOCATE|[7]|Bytes:4
19:10:16.0 (1293591)|VARIABLE_SCOPE_BEGIN|[7]|listPossionName|List<String>|true|false
19:10:16.0 (1323731)|HEAP_ALLOCATE|[EXTERNAL]|Bytes:4
19:10:16.0 (1334099)|VARIABLE_ASSIGNMENT|[7]|listPossionName|[]|0x5b7f120c
19:10:16.0 (1368420)|HEAP_ALLOCATE|[50]|Bytes:5
19:10:16.0 (1389004)|HEAP_ALLOCATE|[56]|Bytes:5
19:10:16.0 (1397014)|HEAP_ALLOCATE|[64]|Bytes:7
19:10:16.0 (1655909)|HEAP_ALLOCATE|[9]|Bytes:5
19:10:16.0 (1676737)|HEAP_ALLOCATE|[9]|Bytes:4
19:10:16.0 (1685307)|VARIABLE_SCOPE_BEGIN|[9]|pos|Position__c|true|false
19:10:16.0 (2328185)|VARIABLE_ASSIGNMENT|[9]|pos|{"IsDeleted":false,"Travel_Required__c":false,"JavaScript__c":false,"OwnerId":"0057F000000jFC7QAM","Csharp__c":false,"RecordTypeId":"0127F000000HuIXQA0","Apex__c":false,"Java__c":false,"Name":"CEO"}|0x65943a63
19:10:16.0 (2342886)|STATEMENT_EXECUTE|[9]
19:10:16.0 (2344625)|STATEMENT_EXECUTE|[10]
19:10:16.0 (2400241)|HEAP_ALLOCATE|[EXTERNAL]|Bytes:4
19:10:16.0 (2420332)|HEAP_ALLOCATE|[9]|Bytes:5
19:10:16.0 (2434156)|VARIABLE_ASSIGNMENT|[9]|pos|null|
19:10:16.0 (2440296)|STATEMENT_EXECUTE|[13]
19:10:16.0 (2443878)|HEAP_ALLOCATE|[13]|Bytes:55
19:10:16.0 (2453559)|HEAP_ALLOCATE|[13]|Bytes:4
19:10:16.0 (2462384)|HEAP_ALLOCATE|[13]|Bytes:7
19:10:16.0 (2670594)|SOQL_EXECUTE_BEGIN|[13]|Aggregations:0|SELECT Id, Name FROM Position__c WHERE Name IN :tmpVar1
19:10:16.0 (6851341)|SOQL_EXECUTE_END|[13]|Rows:1
19:10:16.0 (6869867)|HEAP_ALLOCATE|[13]|Bytes:8
19:10:16.0 (6886247)|HEAP_ALLOCATE|[13]|Bytes:40
19:10:16.0 (6912947)|HEAP_ALLOCATE|[13]|Bytes:8
19:10:16.0 (6925743)|VARIABLE_SCOPE_BEGIN|[13]|listPossion|List<Position__c>|true|false
19:10:16.0 (6947191)|VARIABLE_ASSIGNMENT|[13]|listPossion|[{"Id":"a077F0000019yOqQAI","Name":"CEO"}]|0x66955a0f
19:10:16.0 (6986857)|HEAP_ALLOCATE|[14]|Bytes:5
19:10:16.0 (7015023)|HEAP_ALLOCATE|[14]|Bytes:12
19:10:16.0 (7024841)|VARIABLE_SCOPE_BEGIN|[14]|pos|Position__c|true|false
19:10:16.0 (7038088)|VARIABLE_ASSIGNMENT|[14]|pos|{"Id":"a077F0000019yOqQAI","Name":"CEO"}|0x66e32bfb
19:10:16.0 (7045320)|STATEMENT_EXECUTE|[14]
19:10:16.0 (7085939)|HEAP_ALLOCATE|[15]|Bytes:5
19:10:16.0 (7097618)|HEAP_ALLOCATE|[15]|Bytes:4
19:10:16.0 (7103245)|VARIABLE_SCOPE_BEGIN|[15]|posNew|Position__c|true|false
19:10:16.0 (7333430)|VARIABLE_ASSIGNMENT|[15]|posNew|{"IsDeleted":false,"Travel_Required__c":false,"JavaScript__c":false,"OwnerId":"0057F000000jFC7QAM","Csharp__c":false,"RecordTypeId":"0127F000000HuIXQA0","Apex__c":false,"Java__c":false,"Name":"CEO"}|0x65943a63
19:10:16.0 (7344564)|STATEMENT_EXECUTE|[15]
19:10:16.0 (7399052)|STATEMENT_EXECUTE|[18]
19:10:16.0 (7401448)|STATEMENT_EXECUTE|[19]
19:10:16.0 (7405318)|HEAP_ALLOCATE|[19]|Bytes:15
19:10:16.0 (7412397)|HEAP_ALLOCATE|[19]|Bytes:28
19:10:16.0 (7426580)|HEAP_ALLOCATE|[19]|Bytes:46
19:10:16.0 (7508214)|HEAP_ALLOCATE|[15]|Bytes:5
19:10:16.0 (7523889)|VARIABLE_ASSIGNMENT|[15]|posNew|null|
19:10:16.0 (7533211)|HEAP_ALLOCATE|[14]|Bytes:5
19:10:16.0 (7540468)|VARIABLE_ASSIGNMENT|[14]|pos|null|
19:10:16.0 (7547363)|METHOD_EXIT|[3]|01q7F000000N10S|DoublePosition.checkDoubleName()
19:10:16.7 (7555089)|CUMULATIVE_LIMIT_USAGE
19:10:16.7 (7555089)|LIMIT_USAGE_FOR_NS|(default)|
  Number of SOQL queries: 1 out of 100
  Number of query rows: 1 out of 50000
  Number of SOSL queries: 0 out of 20
  Number of DML statements: 0 out of 150
  Number of DML rows: 0 out of 10000
  Maximum CPU time: 0 out of 10000
  Maximum heap size: 0 out of 6000000
  Number of callouts: 0 out of 100
  Number of Email Invocations: 0 out of 10
  Number of future calls: 0 out of 50
  Number of queueable jobs added to the queue: 0 out of 50
  Number of Mobile Apex push calls: 0 out of 10

19:10:16.7 (7555089)|CUMULATIVE_LIMIT_USAGE_END

19:10:16.0 (8283446)|CODE_UNIT_FINISHED|DoublePosition on Position trigger event BeforeInsert for [new]
19:10:16.0 (24453047)|CODE_UNIT_FINISHED|TRIGGERS
19:10:16.0 (24465572)|EXECUTION_FINISHED
